2018-04-17T17:18:07+00:00 ERR (3): 
exception 'Exception' with message 'Error during unserialization' in /shared/httpd/proyecto-plantilla-1/magento/lib/Unserialize/Parser.php:60
Stack trace:
#0 /shared/httpd/proyecto-plantilla-1/magento/app/code/core/Mage/Core/Helper/UnserializeArray.php(44): Unserialize_Parser->unserialize(Object(Mage_Core_Model_Config_Element))
#1 /shared/httpd/proyecto-plantilla-1/magento/app/code/core/Mage/Adminhtml/Model/System/Config/Backend/Serialized.php(37): Mage_Core_Helper_UnserializeArray->unserialize(Object(Mage_Core_Model_Config_Element))
#2 /shared/httpd/proyecto-plantilla-1/magento/app/code/core/Mage/Core/Model/Config/Data.php(78): Mage_Adminhtml_Model_System_Config_Backend_Serialized->_afterLoad()
#3 /shared/httpd/proyecto-plantilla-1/magento/app/code/core/Mage/Adminhtml/Block/System/Config/Form.php(334): Mage_Core_Model_Config_Data->afterLoad()
#4 /shared/httpd/proyecto-plantilla-1/magento/app/code/core/Mage/Adminhtml/Block/System/Config/Form.php(229): Mage_Adminhtml_Block_System_Config_Form->initFields(Object(Varien_Data_Form_Element_Fieldset), Object(Mage_Core_Model_Config_Element), Object(Mage_Core_Model_Config_Element))
#5 /shared/httpd/proyecto-plantilla-1/magento/app/code/core/Mage/Adminhtml/Block/System/Config/Form.php(164): Mage_Adminhtml_Block_System_Config_Form->_initGroup(Object(Varien_Data_Form), Object(Mage_Core_Model_Config_Element), Object(Mage_Core_Model_Config_Element))
#6 /shared/httpd/proyecto-plantilla-1/magento/app/code/core/Mage/Adminhtml/Block/System/Config/Edit.php(92): Mage_Adminhtml_Block_System_Config_Form->initForm()
#7 /shared/httpd/proyecto-plantilla-1/magento/app/code/core/Mage/Adminhtml/controllers/System/ConfigController.php(107): Mage_Adminhtml_Block_System_Config_Edit->initForm()
#8 /shared/httpd/proyecto-plantilla-1/magento/app/code/core/Mage/Core/Controller/Varien/Action.php(418): Mage_Adminhtml_System_ConfigController->editAction()
#9 /shared/httpd/proyecto-plantilla-1/magento/app/code/core/Mage/Core/Controller/Varien/Router/Standard.php(254): Mage_Core_Controller_Varien_Action->dispatch('edit')
#10 /shared/httpd/proyecto-plantilla-1/magento/app/code/core/Mage/Core/Controller/Varien/Front.php(172): Mage_Core_Controller_Varien_Router_Standard->match(Object(Mage_Core_Controller_Request_Http))
#11 /shared/httpd/proyecto-plantilla-1/magento/app/code/core/Mage/Core/Model/App.php(365): Mage_Core_Controller_Varien_Front->dispatch()
#12 /shared/httpd/proyecto-plantilla-1/magento/app/Mage.php(684): Mage_Core_Model_App->run(Array)
#13 /shared/httpd/proyecto-plantilla-1/magento/index.php(83): Mage::run('', 'store')
#14 {main}
2018-04-17T17:27:27+00:00 ERR (3): 
exception 'Exception' with message 'Error during unserialization' in /shared/httpd/proyecto-plantilla-1/magento/lib/Unserialize/Parser.php:60
Stack trace:
#0 /shared/httpd/proyecto-plantilla-1/magento/app/code/core/Mage/Core/Helper/UnserializeArray.php(44): Unserialize_Parser->unserialize(Object(Mage_Core_Model_Config_Element))
#1 /shared/httpd/proyecto-plantilla-1/magento/app/code/core/Mage/Adminhtml/Model/System/Config/Backend/Serialized.php(37): Mage_Core_Helper_UnserializeArray->unserialize(Object(Mage_Core_Model_Config_Element))
#2 /shared/httpd/proyecto-plantilla-1/magento/app/code/core/Mage/Core/Model/Config/Data.php(78): Mage_Adminhtml_Model_System_Config_Backend_Serialized->_afterLoad()
#3 /shared/httpd/proyecto-plantilla-1/magento/app/code/core/Mage/Adminhtml/Block/System/Config/Form.php(334): Mage_Core_Model_Config_Data->afterLoad()
#4 /shared/httpd/proyecto-plantilla-1/magento/app/code/core/Mage/Adminhtml/Block/System/Config/Form.php(229): Mage_Adminhtml_Block_System_Config_Form->initFields(Object(Varien_Data_Form_Element_Fieldset), Object(Mage_Core_Model_Config_Element), Object(Mage_Core_Model_Config_Element))
#5 /shared/httpd/proyecto-plantilla-1/magento/app/code/core/Mage/Adminhtml/Block/System/Config/Form.php(164): Mage_Adminhtml_Block_System_Config_Form->_initGroup(Object(Varien_Data_Form), Object(Mage_Core_Model_Config_Element), Object(Mage_Core_Model_Config_Element))
#6 /shared/httpd/proyecto-plantilla-1/magento/app/code/core/Mage/Adminhtml/Block/System/Config/Edit.php(92): Mage_Adminhtml_Block_System_Config_Form->initForm()
#7 /shared/httpd/proyecto-plantilla-1/magento/app/code/core/Mage/Adminhtml/controllers/System/ConfigController.php(107): Mage_Adminhtml_Block_System_Config_Edit->initForm()
#8 /shared/httpd/proyecto-plantilla-1/magento/app/code/core/Mage/Core/Controller/Varien/Action.php(418): Mage_Adminhtml_System_ConfigController->editAction()
#9 /shared/httpd/proyecto-plantilla-1/magento/app/code/core/Mage/Core/Controller/Varien/Router/Standard.php(254): Mage_Core_Controller_Varien_Action->dispatch('edit')
#10 /shared/httpd/proyecto-plantilla-1/magento/app/code/core/Mage/Core/Controller/Varien/Front.php(172): Mage_Core_Controller_Varien_Router_Standard->match(Object(Mage_Core_Controller_Request_Http))
#11 /shared/httpd/proyecto-plantilla-1/magento/app/code/core/Mage/Core/Model/App.php(365): Mage_Core_Controller_Varien_Front->dispatch()
#12 /shared/httpd/proyecto-plantilla-1/magento/app/Mage.php(684): Mage_Core_Model_App->run(Array)
#13 /shared/httpd/proyecto-plantilla-1/magento/index.php(83): Mage::run('', 'store')
#14 {main}
2018-04-17T17:33:45+00:00 ERR (3): 
exception 'Exception' with message 'Error during unserialization' in /shared/httpd/proyecto-plantilla-1/magento/lib/Unserialize/Parser.php:60
Stack trace:
#0 /shared/httpd/proyecto-plantilla-1/magento/app/code/core/Mage/Core/Helper/UnserializeArray.php(44): Unserialize_Parser->unserialize(Object(Mage_Core_Model_Config_Element))
#1 /shared/httpd/proyecto-plantilla-1/magento/app/code/core/Mage/Adminhtml/Model/System/Config/Backend/Serialized.php(37): Mage_Core_Helper_UnserializeArray->unserialize(Object(Mage_Core_Model_Config_Element))
#2 /shared/httpd/proyecto-plantilla-1/magento/app/code/core/Mage/Core/Model/Config/Data.php(78): Mage_Adminhtml_Model_System_Config_Backend_Serialized->_afterLoad()
#3 /shared/httpd/proyecto-plantilla-1/magento/app/code/core/Mage/Adminhtml/Block/System/Config/Form.php(334): Mage_Core_Model_Config_Data->afterLoad()
#4 /shared/httpd/proyecto-plantilla-1/magento/app/code/core/Mage/Adminhtml/Block/System/Config/Form.php(229): Mage_Adminhtml_Block_System_Config_Form->initFields(Object(Varien_Data_Form_Element_Fieldset), Object(Mage_Core_Model_Config_Element), Object(Mage_Core_Model_Config_Element))
#5 /shared/httpd/proyecto-plantilla-1/magento/app/code/core/Mage/Adminhtml/Block/System/Config/Form.php(164): Mage_Adminhtml_Block_System_Config_Form->_initGroup(Object(Varien_Data_Form), Object(Mage_Core_Model_Config_Element), Object(Mage_Core_Model_Config_Element))
#6 /shared/httpd/proyecto-plantilla-1/magento/app/code/core/Mage/Adminhtml/Block/System/Config/Edit.php(92): Mage_Adminhtml_Block_System_Config_Form->initForm()
#7 /shared/httpd/proyecto-plantilla-1/magento/app/code/core/Mage/Adminhtml/controllers/System/ConfigController.php(107): Mage_Adminhtml_Block_System_Config_Edit->initForm()
#8 /shared/httpd/proyecto-plantilla-1/magento/app/code/core/Mage/Core/Controller/Varien/Action.php(418): Mage_Adminhtml_System_ConfigController->editAction()
#9 /shared/httpd/proyecto-plantilla-1/magento/app/code/core/Mage/Core/Controller/Varien/Router/Standard.php(254): Mage_Core_Controller_Varien_Action->dispatch('edit')
#10 /shared/httpd/proyecto-plantilla-1/magento/app/code/core/Mage/Core/Controller/Varien/Front.php(172): Mage_Core_Controller_Varien_Router_Standard->match(Object(Mage_Core_Controller_Request_Http))
#11 /shared/httpd/proyecto-plantilla-1/magento/app/code/core/Mage/Core/Model/App.php(365): Mage_Core_Controller_Varien_Front->dispatch()
#12 /shared/httpd/proyecto-plantilla-1/magento/app/Mage.php(684): Mage_Core_Model_App->run(Array)
#13 /shared/httpd/proyecto-plantilla-1/magento/index.php(83): Mage::run('', 'store')
#14 {main}
2018-04-19T18:18:06+00:00 ERR (3): 
exception 'Exception' with message 'Error during unserialization' in /shared/httpd/proyecto-plantilla-1/magento/lib/Unserialize/Parser.php:60
Stack trace:
#0 /shared/httpd/proyecto-plantilla-1/magento/app/code/core/Mage/Core/Helper/UnserializeArray.php(44): Unserialize_Parser->unserialize(Object(Mage_Core_Model_Config_Element))
#1 /shared/httpd/proyecto-plantilla-1/magento/app/code/core/Mage/Adminhtml/Model/System/Config/Backend/Serialized.php(37): Mage_Core_Helper_UnserializeArray->unserialize(Object(Mage_Core_Model_Config_Element))
#2 /shared/httpd/proyecto-plantilla-1/magento/app/code/core/Mage/Core/Model/Config/Data.php(78): Mage_Adminhtml_Model_System_Config_Backend_Serialized->_afterLoad()
#3 /shared/httpd/proyecto-plantilla-1/magento/app/code/core/Mage/Adminhtml/Block/System/Config/Form.php(334): Mage_Core_Model_Config_Data->afterLoad()
#4 /shared/httpd/proyecto-plantilla-1/magento/app/code/core/Mage/Adminhtml/Block/System/Config/Form.php(229): Mage_Adminhtml_Block_System_Config_Form->initFields(Object(Varien_Data_Form_Element_Fieldset), Object(Mage_Core_Model_Config_Element), Object(Mage_Core_Model_Config_Element))
#5 /shared/httpd/proyecto-plantilla-1/magento/app/code/core/Mage/Adminhtml/Block/System/Config/Form.php(164): Mage_Adminhtml_Block_System_Config_Form->_initGroup(Object(Varien_Data_Form), Object(Mage_Core_Model_Config_Element), Object(Mage_Core_Model_Config_Element))
#6 /shared/httpd/proyecto-plantilla-1/magento/app/code/core/Mage/Adminhtml/Block/System/Config/Edit.php(92): Mage_Adminhtml_Block_System_Config_Form->initForm()
#7 /shared/httpd/proyecto-plantilla-1/magento/app/code/core/Mage/Adminhtml/controllers/System/ConfigController.php(107): Mage_Adminhtml_Block_System_Config_Edit->initForm()
#8 /shared/httpd/proyecto-plantilla-1/magento/app/code/core/Mage/Core/Controller/Varien/Action.php(418): Mage_Adminhtml_System_ConfigController->editAction()
#9 /shared/httpd/proyecto-plantilla-1/magento/app/code/core/Mage/Core/Controller/Varien/Router/Standard.php(254): Mage_Core_Controller_Varien_Action->dispatch('edit')
#10 /shared/httpd/proyecto-plantilla-1/magento/app/code/core/Mage/Core/Controller/Varien/Front.php(172): Mage_Core_Controller_Varien_Router_Standard->match(Object(Mage_Core_Controller_Request_Http))
#11 /shared/httpd/proyecto-plantilla-1/magento/app/code/core/Mage/Core/Model/App.php(365): Mage_Core_Controller_Varien_Front->dispatch()
#12 /shared/httpd/proyecto-plantilla-1/magento/app/Mage.php(684): Mage_Core_Model_App->run(Array)
#13 /shared/httpd/proyecto-plantilla-1/magento/index.php(83): Mage::run('', 'store')
#14 {main}
2018-04-20T09:17:57+00:00 ERR (3): 
exception 'Exception' with message 'Error during unserialization' in /shared/httpd/proyecto-plantilla-1/magento/lib/Unserialize/Parser.php:60
Stack trace:
#0 /shared/httpd/proyecto-plantilla-1/magento/app/code/core/Mage/Core/Helper/UnserializeArray.php(44): Unserialize_Parser->unserialize(Object(Mage_Core_Model_Config_Element))
#1 /shared/httpd/proyecto-plantilla-1/magento/app/code/core/Mage/Adminhtml/Model/System/Config/Backend/Serialized.php(37): Mage_Core_Helper_UnserializeArray->unserialize(Object(Mage_Core_Model_Config_Element))
#2 /shared/httpd/proyecto-plantilla-1/magento/app/code/core/Mage/Core/Model/Config/Data.php(78): Mage_Adminhtml_Model_System_Config_Backend_Serialized->_afterLoad()
#3 /shared/httpd/proyecto-plantilla-1/magento/app/code/core/Mage/Adminhtml/Block/System/Config/Form.php(334): Mage_Core_Model_Config_Data->afterLoad()
#4 /shared/httpd/proyecto-plantilla-1/magento/app/code/core/Mage/Adminhtml/Block/System/Config/Form.php(229): Mage_Adminhtml_Block_System_Config_Form->initFields(Object(Varien_Data_Form_Element_Fieldset), Object(Mage_Core_Model_Config_Element), Object(Mage_Core_Model_Config_Element))
#5 /shared/httpd/proyecto-plantilla-1/magento/app/code/core/Mage/Adminhtml/Block/System/Config/Form.php(164): Mage_Adminhtml_Block_System_Config_Form->_initGroup(Object(Varien_Data_Form), Object(Mage_Core_Model_Config_Element), Object(Mage_Core_Model_Config_Element))
#6 /shared/httpd/proyecto-plantilla-1/magento/app/code/core/Mage/Adminhtml/Block/System/Config/Edit.php(92): Mage_Adminhtml_Block_System_Config_Form->initForm()
#7 /shared/httpd/proyecto-plantilla-1/magento/app/code/core/Mage/Adminhtml/controllers/System/ConfigController.php(107): Mage_Adminhtml_Block_System_Config_Edit->initForm()
#8 /shared/httpd/proyecto-plantilla-1/magento/app/code/core/Mage/Core/Controller/Varien/Action.php(418): Mage_Adminhtml_System_ConfigController->editAction()
#9 /shared/httpd/proyecto-plantilla-1/magento/app/code/core/Mage/Core/Controller/Varien/Router/Standard.php(254): Mage_Core_Controller_Varien_Action->dispatch('edit')
#10 /shared/httpd/proyecto-plantilla-1/magento/app/code/core/Mage/Core/Controller/Varien/Front.php(172): Mage_Core_Controller_Varien_Router_Standard->match(Object(Mage_Core_Controller_Request_Http))
#11 /shared/httpd/proyecto-plantilla-1/magento/app/code/core/Mage/Core/Model/App.php(365): Mage_Core_Controller_Varien_Front->dispatch()
#12 /shared/httpd/proyecto-plantilla-1/magento/app/Mage.php(684): Mage_Core_Model_App->run(Array)
#13 /shared/httpd/proyecto-plantilla-1/magento/index.php(83): Mage::run('', 'store')
#14 {main}
2018-04-20T09:21:28+00:00 ERR (3): 
exception 'Exception' with message 'Error during unserialization' in /shared/httpd/proyecto-plantilla-1/magento/lib/Unserialize/Parser.php:60
Stack trace:
#0 /shared/httpd/proyecto-plantilla-1/magento/app/code/core/Mage/Core/Helper/UnserializeArray.php(44): Unserialize_Parser->unserialize(Object(Mage_Core_Model_Config_Element))
#1 /shared/httpd/proyecto-plantilla-1/magento/app/code/core/Mage/Adminhtml/Model/System/Config/Backend/Serialized.php(37): Mage_Core_Helper_UnserializeArray->unserialize(Object(Mage_Core_Model_Config_Element))
#2 /shared/httpd/proyecto-plantilla-1/magento/app/code/core/Mage/Core/Model/Config/Data.php(78): Mage_Adminhtml_Model_System_Config_Backend_Serialized->_afterLoad()
#3 /shared/httpd/proyecto-plantilla-1/magento/app/code/core/Mage/Adminhtml/Block/System/Config/Form.php(334): Mage_Core_Model_Config_Data->afterLoad()
#4 /shared/httpd/proyecto-plantilla-1/magento/app/code/core/Mage/Adminhtml/Block/System/Config/Form.php(229): Mage_Adminhtml_Block_System_Config_Form->initFields(Object(Varien_Data_Form_Element_Fieldset), Object(Mage_Core_Model_Config_Element), Object(Mage_Core_Model_Config_Element))
#5 /shared/httpd/proyecto-plantilla-1/magento/app/code/core/Mage/Adminhtml/Block/System/Config/Form.php(164): Mage_Adminhtml_Block_System_Config_Form->_initGroup(Object(Varien_Data_Form), Object(Mage_Core_Model_Config_Element), Object(Mage_Core_Model_Config_Element))
#6 /shared/httpd/proyecto-plantilla-1/magento/app/code/core/Mage/Adminhtml/Block/System/Config/Edit.php(92): Mage_Adminhtml_Block_System_Config_Form->initForm()
#7 /shared/httpd/proyecto-plantilla-1/magento/app/code/core/Mage/Adminhtml/controllers/System/ConfigController.php(107): Mage_Adminhtml_Block_System_Config_Edit->initForm()
#8 /shared/httpd/proyecto-plantilla-1/magento/app/code/core/Mage/Core/Controller/Varien/Action.php(418): Mage_Adminhtml_System_ConfigController->editAction()
#9 /shared/httpd/proyecto-plantilla-1/magento/app/code/core/Mage/Core/Controller/Varien/Router/Standard.php(254): Mage_Core_Controller_Varien_Action->dispatch('edit')
#10 /shared/httpd/proyecto-plantilla-1/magento/app/code/core/Mage/Core/Controller/Varien/Front.php(172): Mage_Core_Controller_Varien_Router_Standard->match(Object(Mage_Core_Controller_Request_Http))
#11 /shared/httpd/proyecto-plantilla-1/magento/app/code/core/Mage/Core/Model/App.php(365): Mage_Core_Controller_Varien_Front->dispatch()
#12 /shared/httpd/proyecto-plantilla-1/magento/app/Mage.php(684): Mage_Core_Model_App->run(Array)
#13 /shared/httpd/proyecto-plantilla-1/magento/index.php(83): Mage::run('', 'store')
#14 {main}
2018-04-20T14:30:49+00:00 ERR (3): 
exception 'Exception' with message 'Error during unserialization' in /shared/httpd/proyecto-plantilla-1/magento/lib/Unserialize/Parser.php:60
Stack trace:
#0 /shared/httpd/proyecto-plantilla-1/magento/app/code/core/Mage/Core/Helper/UnserializeArray.php(44): Unserialize_Parser->unserialize(Object(Mage_Core_Model_Config_Element))
#1 /shared/httpd/proyecto-plantilla-1/magento/app/code/core/Mage/Adminhtml/Model/System/Config/Backend/Serialized.php(37): Mage_Core_Helper_UnserializeArray->unserialize(Object(Mage_Core_Model_Config_Element))
#2 /shared/httpd/proyecto-plantilla-1/magento/app/code/core/Mage/Core/Model/Config/Data.php(78): Mage_Adminhtml_Model_System_Config_Backend_Serialized->_afterLoad()
#3 /shared/httpd/proyecto-plantilla-1/magento/app/code/core/Mage/Adminhtml/Block/System/Config/Form.php(334): Mage_Core_Model_Config_Data->afterLoad()
#4 /shared/httpd/proyecto-plantilla-1/magento/app/code/core/Mage/Adminhtml/Block/System/Config/Form.php(229): Mage_Adminhtml_Block_System_Config_Form->initFields(Object(Varien_Data_Form_Element_Fieldset), Object(Mage_Core_Model_Config_Element), Object(Mage_Core_Model_Config_Element))
#5 /shared/httpd/proyecto-plantilla-1/magento/app/code/core/Mage/Adminhtml/Block/System/Config/Form.php(164): Mage_Adminhtml_Block_System_Config_Form->_initGroup(Object(Varien_Data_Form), Object(Mage_Core_Model_Config_Element), Object(Mage_Core_Model_Config_Element))
#6 /shared/httpd/proyecto-plantilla-1/magento/app/code/core/Mage/Adminhtml/Block/System/Config/Edit.php(92): Mage_Adminhtml_Block_System_Config_Form->initForm()
#7 /shared/httpd/proyecto-plantilla-1/magento/app/code/core/Mage/Adminhtml/controllers/System/ConfigController.php(107): Mage_Adminhtml_Block_System_Config_Edit->initForm()
#8 /shared/httpd/proyecto-plantilla-1/magento/app/code/core/Mage/Core/Controller/Varien/Action.php(418): Mage_Adminhtml_System_ConfigController->editAction()
#9 /shared/httpd/proyecto-plantilla-1/magento/app/code/core/Mage/Core/Controller/Varien/Router/Standard.php(254): Mage_Core_Controller_Varien_Action->dispatch('edit')
#10 /shared/httpd/proyecto-plantilla-1/magento/app/code/core/Mage/Core/Controller/Varien/Front.php(172): Mage_Core_Controller_Varien_Router_Standard->match(Object(Mage_Core_Controller_Request_Http))
#11 /shared/httpd/proyecto-plantilla-1/magento/app/code/core/Mage/Core/Model/App.php(365): Mage_Core_Controller_Varien_Front->dispatch()
#12 /shared/httpd/proyecto-plantilla-1/magento/app/Mage.php(684): Mage_Core_Model_App->run(Array)
#13 /shared/httpd/proyecto-plantilla-1/magento/index.php(83): Mage::run('', 'store')
#14 {main}
