2018-04-17T17:13:53+00:00 ERR (3): Strict Notice: Declaration of Ves_ProductList_Block_Widget_New::_construct() should be compatible with Ves_ProductList_Block_Gridwidget::_construct($attributes = Array)  in /shared/httpd/proyecto-plantilla-1/magento/app/code/community/Ves/ProductList/Block/Widget/New.php on line 36
2018-04-17T17:13:53+00:00 DEBUG (7): Security problem: newsletter/subscribe has not been whitelisted.
2018-04-17T17:13:55+00:00 DEBUG (7): Security problem: tag/popular has not been whitelisted.
2018-04-17T17:23:12+00:00 DEBUG (7): styles.css
2018-04-17T17:23:13+00:00 DEBUG (7): styles.css
2018-04-17T17:37:19+00:00 ERR (3): Strict Notice: Declaration of Ves_ProductList_Block_Widget_New::_construct() should be compatible with Ves_ProductList_Block_Gridwidget::_construct($attributes = Array)  in /shared/httpd/proyecto-plantilla-1/magento/app/code/community/Ves/ProductList/Block/Widget/New.php on line 36
2018-04-17T17:37:19+00:00 DEBUG (7): Security problem: newsletter/subscribe has not been whitelisted.
2018-04-17T17:37:21+00:00 DEBUG (7): Security problem: tag/popular has not been whitelisted.
2018-04-17T17:46:13+00:00 ERR (3): Strict Notice: Declaration of Ves_ProductList_Block_Widget_New::_construct() should be compatible with Ves_ProductList_Block_Gridwidget::_construct($attributes = Array)  in /shared/httpd/proyecto-plantilla-1/magento/app/code/community/Ves/ProductList/Block/Widget/New.php on line 36
2018-04-17T17:46:13+00:00 DEBUG (7): Security problem: newsletter/subscribe has not been whitelisted.
2018-04-17T17:46:15+00:00 DEBUG (7): Security problem: tag/popular has not been whitelisted.
2018-04-17T17:46:16+00:00 DEBUG (7): Security problem: tag/popular has not been whitelisted.
2018-04-17T17:51:27+00:00 ERR (3): Strict Notice: Declaration of Ves_ProductList_Block_Widget_New::_construct() should be compatible with Ves_ProductList_Block_Gridwidget::_construct($attributes = Array)  in /shared/httpd/proyecto-plantilla-1/magento/app/code/community/Ves/ProductList/Block/Widget/New.php on line 36
2018-04-17T17:51:28+00:00 DEBUG (7): Security problem: newsletter/subscribe has not been whitelisted.
2018-04-17T17:51:28+00:00 ERR (3): Warning: getimagesize(/shared/httpd/proyecto-plantilla-1/magento/media/wysiwyg/slideshow/CEREBAG11.jpg): failed to open stream: No such file or directory  in /shared/httpd/proyecto-plantilla-1/magento/lib/Varien/Image/Adapter/Abstract.php on line 87
2018-04-17T17:51:28+00:00 ERR (3): Warning: getimagesize(/shared/httpd/proyecto-plantilla-1/magento/media/wysiwyg/slideshow/CEREBAG11.jpg): failed to open stream: No such file or directory  in /shared/httpd/proyecto-plantilla-1/magento/lib/Varien/Image/Adapter/Gd2.php on line 91
2018-04-17T17:51:29+00:00 DEBUG (7): Security problem: tag/popular has not been whitelisted.
2018-04-17T17:51:30+00:00 DEBUG (7): Security problem: tag/popular has not been whitelisted.
2018-04-17T17:51:32+00:00 DEBUG (7): Security problem: tag/popular has not been whitelisted.
2018-04-17T17:53:59+00:00 ERR (3): Warning: getimagesize(/shared/httpd/proyecto-plantilla-1/magento/media/wysiwyg/slideshow/CEREBAG11.png): failed to open stream: No such file or directory  in /shared/httpd/proyecto-plantilla-1/magento/lib/Varien/Image/Adapter/Abstract.php on line 87
2018-04-17T17:53:59+00:00 ERR (3): Warning: getimagesize(/shared/httpd/proyecto-plantilla-1/magento/media/wysiwyg/slideshow/CEREBAG11.png): failed to open stream: No such file or directory  in /shared/httpd/proyecto-plantilla-1/magento/lib/Varien/Image/Adapter/Gd2.php on line 91
2018-04-17T17:58:05+00:00 ERR (3): Strict Notice: Declaration of Ves_ProductList_Block_Widget_New::_construct() should be compatible with Ves_ProductList_Block_Gridwidget::_construct($attributes = Array)  in /shared/httpd/proyecto-plantilla-1/magento/app/code/community/Ves/ProductList/Block/Widget/New.php on line 36
2018-04-17T17:58:05+00:00 DEBUG (7): Security problem: newsletter/subscribe has not been whitelisted.
2018-04-17T17:58:07+00:00 DEBUG (7): Security problem: tag/popular has not been whitelisted.
2018-04-17T17:58:08+00:00 DEBUG (7): Security problem: tag/popular has not been whitelisted.
2018-04-17T17:58:10+00:00 DEBUG (7): Security problem: tag/popular has not been whitelisted.
2018-04-17T17:59:09+00:00 ERR (3): Strict Notice: Declaration of Ves_ProductList_Block_Widget_New::_construct() should be compatible with Ves_ProductList_Block_Gridwidget::_construct($attributes = Array)  in /shared/httpd/proyecto-plantilla-1/magento/app/code/community/Ves/ProductList/Block/Widget/New.php on line 36
2018-04-17T17:59:10+00:00 DEBUG (7): Security problem: newsletter/subscribe has not been whitelisted.
2018-04-17T17:59:11+00:00 DEBUG (7): Security problem: tag/popular has not been whitelisted.
2018-04-17T17:59:13+00:00 DEBUG (7): Security problem: tag/popular has not been whitelisted.
2018-04-17T18:02:44+00:00 ERR (3): Strict Notice: Declaration of Ves_ProductList_Block_Widget_New::_construct() should be compatible with Ves_ProductList_Block_Gridwidget::_construct($attributes = Array)  in /shared/httpd/proyecto-plantilla-1/magento/app/code/community/Ves/ProductList/Block/Widget/New.php on line 36
2018-04-17T18:02:45+00:00 DEBUG (7): Security problem: newsletter/subscribe has not been whitelisted.
2018-04-17T18:02:46+00:00 DEBUG (7): Security problem: tag/popular has not been whitelisted.
2018-04-17T18:02:47+00:00 DEBUG (7): Security problem: tag/popular has not been whitelisted.
2018-04-17T18:03:11+00:00 DEBUG (7): Security problem: tag/popular has not been whitelisted.
2018-04-17T18:03:13+00:00 DEBUG (7): Security problem: tag/popular has not been whitelisted.
2018-04-17T18:03:25+00:00 DEBUG (7): Security problem: tag/popular has not been whitelisted.
2018-04-17T18:03:26+00:00 DEBUG (7): Security problem: tag/popular has not been whitelisted.
2018-04-17T18:03:29+00:00 ERR (3): Strict Notice: Declaration of Ves_ProductList_Block_Widget_New::_construct() should be compatible with Ves_ProductList_Block_Gridwidget::_construct($attributes = Array)  in /shared/httpd/proyecto-plantilla-1/magento/app/code/community/Ves/ProductList/Block/Widget/New.php on line 36
2018-04-17T18:03:30+00:00 DEBUG (7): Security problem: newsletter/subscribe has not been whitelisted.
2018-04-17T18:03:31+00:00 DEBUG (7): Security problem: tag/popular has not been whitelisted.
2018-04-17T18:03:32+00:00 DEBUG (7): Security problem: tag/popular has not been whitelisted.
2018-04-17T18:03:48+00:00 ERR (3): Strict Notice: Declaration of Ves_ProductList_Block_Widget_New::_construct() should be compatible with Ves_ProductList_Block_Gridwidget::_construct($attributes = Array)  in /shared/httpd/proyecto-plantilla-1/magento/app/code/community/Ves/ProductList/Block/Widget/New.php on line 36
2018-04-17T18:03:48+00:00 DEBUG (7): Security problem: newsletter/subscribe has not been whitelisted.
2018-04-17T18:03:49+00:00 DEBUG (7): Security problem: tag/popular has not been whitelisted.
2018-04-17T18:03:51+00:00 DEBUG (7): Security problem: tag/popular has not been whitelisted.
2018-04-17T18:09:54+00:00 ERR (3): Strict Notice: Declaration of Ves_ProductList_Block_Widget_New::_construct() should be compatible with Ves_ProductList_Block_Gridwidget::_construct($attributes = Array)  in /shared/httpd/proyecto-plantilla-1/magento/app/code/community/Ves/ProductList/Block/Widget/New.php on line 36
2018-04-17T18:09:54+00:00 DEBUG (7): Security problem: newsletter/subscribe has not been whitelisted.
2018-04-17T18:09:56+00:00 DEBUG (7): Security problem: tag/popular has not been whitelisted.
2018-04-17T18:09:57+00:00 DEBUG (7): Security problem: tag/popular has not been whitelisted.
2018-04-17T18:10:21+00:00 ERR (3): Strict Notice: Declaration of Ves_ProductList_Block_Widget_New::_construct() should be compatible with Ves_ProductList_Block_Gridwidget::_construct($attributes = Array)  in /shared/httpd/proyecto-plantilla-1/magento/app/code/community/Ves/ProductList/Block/Widget/New.php on line 36
2018-04-17T18:10:22+00:00 DEBUG (7): Security problem: newsletter/subscribe has not been whitelisted.
2018-04-17T18:10:23+00:00 DEBUG (7): Security problem: tag/popular has not been whitelisted.
2018-04-17T18:10:25+00:00 DEBUG (7): Security problem: tag/popular has not been whitelisted.
2018-04-17T18:12:46+00:00 ERR (3): Strict Notice: Declaration of Ves_ProductList_Block_Widget_New::_construct() should be compatible with Ves_ProductList_Block_Gridwidget::_construct($attributes = Array)  in /shared/httpd/proyecto-plantilla-1/magento/app/code/community/Ves/ProductList/Block/Widget/New.php on line 36
2018-04-17T18:12:46+00:00 DEBUG (7): Security problem: newsletter/subscribe has not been whitelisted.
2018-04-17T18:12:47+00:00 DEBUG (7): Security problem: tag/popular has not been whitelisted.
2018-04-17T18:12:49+00:00 DEBUG (7): Security problem: tag/popular has not been whitelisted.
2018-04-17T18:13:26+00:00 ERR (3): Strict Notice: Declaration of Ves_ProductList_Block_Widget_New::_construct() should be compatible with Ves_ProductList_Block_Gridwidget::_construct($attributes = Array)  in /shared/httpd/proyecto-plantilla-1/magento/app/code/community/Ves/ProductList/Block/Widget/New.php on line 36
2018-04-17T18:13:27+00:00 DEBUG (7): Security problem: newsletter/subscribe has not been whitelisted.
2018-04-17T18:13:28+00:00 DEBUG (7): Security problem: tag/popular has not been whitelisted.
2018-04-17T18:13:30+00:00 DEBUG (7): Security problem: tag/popular has not been whitelisted.
2018-04-17T18:15:42+00:00 ERR (3): Strict Notice: Declaration of Ves_ProductList_Block_Widget_New::_construct() should be compatible with Ves_ProductList_Block_Gridwidget::_construct($attributes = Array)  in /shared/httpd/proyecto-plantilla-1/magento/app/code/community/Ves/ProductList/Block/Widget/New.php on line 36
2018-04-17T18:15:42+00:00 DEBUG (7): Security problem: newsletter/subscribe has not been whitelisted.
2018-04-17T18:15:44+00:00 DEBUG (7): Security problem: tag/popular has not been whitelisted.
2018-04-17T18:15:46+00:00 DEBUG (7): Security problem: tag/popular has not been whitelisted.
2018-04-17T18:17:25+00:00 ERR (3): Strict Notice: Declaration of Ves_ProductList_Block_Widget_New::_construct() should be compatible with Ves_ProductList_Block_Gridwidget::_construct($attributes = Array)  in /shared/httpd/proyecto-plantilla-1/magento/app/code/community/Ves/ProductList/Block/Widget/New.php on line 36
2018-04-17T18:17:25+00:00 DEBUG (7): Security problem: newsletter/subscribe has not been whitelisted.
2018-04-17T18:17:27+00:00 DEBUG (7): Security problem: tag/popular has not been whitelisted.
2018-04-17T18:17:28+00:00 DEBUG (7): Security problem: tag/popular has not been whitelisted.
2018-04-17T18:23:13+00:00 ERR (3): Strict Notice: Declaration of Ves_ProductList_Block_Widget_New::_construct() should be compatible with Ves_ProductList_Block_Gridwidget::_construct($attributes = Array)  in /shared/httpd/proyecto-plantilla-1/magento/app/code/community/Ves/ProductList/Block/Widget/New.php on line 36
2018-04-17T18:23:13+00:00 DEBUG (7): Security problem: newsletter/subscribe has not been whitelisted.
2018-04-17T18:23:15+00:00 DEBUG (7): Security problem: tag/popular has not been whitelisted.
2018-04-17T18:23:16+00:00 DEBUG (7): Security problem: tag/popular has not been whitelisted.
2018-04-17T18:25:31+00:00 ERR (3): Strict Notice: Declaration of Ves_ProductList_Block_Widget_New::_construct() should be compatible with Ves_ProductList_Block_Gridwidget::_construct($attributes = Array)  in /shared/httpd/proyecto-plantilla-1/magento/app/code/community/Ves/ProductList/Block/Widget/New.php on line 36
2018-04-17T18:25:31+00:00 DEBUG (7): Security problem: newsletter/subscribe has not been whitelisted.
2018-04-17T18:25:33+00:00 DEBUG (7): Security problem: tag/popular has not been whitelisted.
2018-04-17T18:25:35+00:00 DEBUG (7): Security problem: tag/popular has not been whitelisted.
2018-04-17T18:28:06+00:00 ERR (3): Strict Notice: Declaration of Ves_ProductList_Block_Widget_New::_construct() should be compatible with Ves_ProductList_Block_Gridwidget::_construct($attributes = Array)  in /shared/httpd/proyecto-plantilla-1/magento/app/code/community/Ves/ProductList/Block/Widget/New.php on line 36
2018-04-17T18:28:06+00:00 DEBUG (7): Security problem: newsletter/subscribe has not been whitelisted.
2018-04-17T18:28:07+00:00 DEBUG (7): Security problem: tag/popular has not been whitelisted.
2018-04-17T18:28:09+00:00 DEBUG (7): Security problem: tag/popular has not been whitelisted.
2018-04-17T18:28:19+00:00 ERR (3): Strict Notice: Declaration of Ves_ProductList_Block_Widget_New::_construct() should be compatible with Ves_ProductList_Block_Gridwidget::_construct($attributes = Array)  in /shared/httpd/proyecto-plantilla-1/magento/app/code/community/Ves/ProductList/Block/Widget/New.php on line 36
2018-04-17T18:28:20+00:00 DEBUG (7): Security problem: newsletter/subscribe has not been whitelisted.
2018-04-17T18:28:21+00:00 DEBUG (7): Security problem: tag/popular has not been whitelisted.
2018-04-17T18:28:22+00:00 DEBUG (7): Security problem: tag/popular has not been whitelisted.
2018-04-17T18:29:12+00:00 ERR (3): Strict Notice: Declaration of Ves_ProductList_Block_Widget_New::_construct() should be compatible with Ves_ProductList_Block_Gridwidget::_construct($attributes = Array)  in /shared/httpd/proyecto-plantilla-1/magento/app/code/community/Ves/ProductList/Block/Widget/New.php on line 36
2018-04-17T18:29:12+00:00 DEBUG (7): Security problem: newsletter/subscribe has not been whitelisted.
2018-04-17T18:29:14+00:00 DEBUG (7): Security problem: tag/popular has not been whitelisted.
2018-04-17T18:29:15+00:00 DEBUG (7): Security problem: tag/popular has not been whitelisted.
2018-04-17T18:30:32+00:00 ERR (3): Strict Notice: Declaration of Ves_ProductList_Block_Widget_New::_construct() should be compatible with Ves_ProductList_Block_Gridwidget::_construct($attributes = Array)  in /shared/httpd/proyecto-plantilla-1/magento/app/code/community/Ves/ProductList/Block/Widget/New.php on line 36
2018-04-17T18:30:32+00:00 DEBUG (7): Security problem: newsletter/subscribe has not been whitelisted.
2018-04-17T18:30:34+00:00 DEBUG (7): Security problem: tag/popular has not been whitelisted.
2018-04-17T18:30:35+00:00 DEBUG (7): Security problem: tag/popular has not been whitelisted.
2018-04-17T18:30:36+00:00 DEBUG (7): Security problem: tag/popular has not been whitelisted.
2018-04-17T18:30:42+00:00 ERR (3): Strict Notice: Declaration of Ves_ProductList_Block_Widget_New::_construct() should be compatible with Ves_ProductList_Block_Gridwidget::_construct($attributes = Array)  in /shared/httpd/proyecto-plantilla-1/magento/app/code/community/Ves/ProductList/Block/Widget/New.php on line 36
2018-04-17T18:30:42+00:00 DEBUG (7): Security problem: newsletter/subscribe has not been whitelisted.
2018-04-17T18:30:44+00:00 DEBUG (7): Security problem: tag/popular has not been whitelisted.
2018-04-17T18:30:45+00:00 DEBUG (7): Security problem: tag/popular has not been whitelisted.
2018-04-17T18:30:50+00:00 ERR (3): Strict Notice: Declaration of Ves_ProductList_Block_Widget_New::_construct() should be compatible with Ves_ProductList_Block_Gridwidget::_construct($attributes = Array)  in /shared/httpd/proyecto-plantilla-1/magento/app/code/community/Ves/ProductList/Block/Widget/New.php on line 36
2018-04-17T18:30:50+00:00 DEBUG (7): Security problem: newsletter/subscribe has not been whitelisted.
2018-04-17T18:30:52+00:00 DEBUG (7): Security problem: tag/popular has not been whitelisted.
2018-04-17T18:30:53+00:00 DEBUG (7): Security problem: tag/popular has not been whitelisted.
2018-04-17T18:31:01+00:00 ERR (3): Strict Notice: Declaration of Ves_ProductList_Block_Widget_New::_construct() should be compatible with Ves_ProductList_Block_Gridwidget::_construct($attributes = Array)  in /shared/httpd/proyecto-plantilla-1/magento/app/code/community/Ves/ProductList/Block/Widget/New.php on line 36
2018-04-17T18:31:02+00:00 DEBUG (7): Security problem: newsletter/subscribe has not been whitelisted.
2018-04-17T18:31:03+00:00 DEBUG (7): Security problem: tag/popular has not been whitelisted.
2018-04-17T18:31:05+00:00 DEBUG (7): Security problem: tag/popular has not been whitelisted.
2018-04-17T18:31:21+00:00 ERR (3): Strict Notice: Declaration of Ves_ProductList_Block_Widget_New::_construct() should be compatible with Ves_ProductList_Block_Gridwidget::_construct($attributes = Array)  in /shared/httpd/proyecto-plantilla-1/magento/app/code/community/Ves/ProductList/Block/Widget/New.php on line 36
2018-04-17T18:31:22+00:00 DEBUG (7): Security problem: newsletter/subscribe has not been whitelisted.
2018-04-17T18:31:23+00:00 DEBUG (7): Security problem: tag/popular has not been whitelisted.
2018-04-17T18:31:25+00:00 DEBUG (7): Security problem: tag/popular has not been whitelisted.
2018-04-17T18:32:52+00:00 ERR (3): Strict Notice: Declaration of Ves_ProductList_Block_Widget_New::_construct() should be compatible with Ves_ProductList_Block_Gridwidget::_construct($attributes = Array)  in /shared/httpd/proyecto-plantilla-1/magento/app/code/community/Ves/ProductList/Block/Widget/New.php on line 36
2018-04-17T18:32:53+00:00 DEBUG (7): Security problem: newsletter/subscribe has not been whitelisted.
2018-04-17T18:32:55+00:00 DEBUG (7): Security problem: tag/popular has not been whitelisted.
2018-04-17T18:32:56+00:00 DEBUG (7): Security problem: tag/popular has not been whitelisted.
2018-04-17T18:33:56+00:00 ERR (3): Strict Notice: Declaration of Ves_ProductList_Block_Widget_New::_construct() should be compatible with Ves_ProductList_Block_Gridwidget::_construct($attributes = Array)  in /shared/httpd/proyecto-plantilla-1/magento/app/code/community/Ves/ProductList/Block/Widget/New.php on line 36
2018-04-17T18:33:57+00:00 DEBUG (7): Security problem: newsletter/subscribe has not been whitelisted.
2018-04-17T18:33:58+00:00 DEBUG (7): Security problem: tag/popular has not been whitelisted.
2018-04-17T18:34:00+00:00 DEBUG (7): Security problem: tag/popular has not been whitelisted.
2018-04-17T18:37:56+00:00 ERR (3): Strict Notice: Declaration of Ves_ProductList_Block_Widget_New::_construct() should be compatible with Ves_ProductList_Block_Gridwidget::_construct($attributes = Array)  in /shared/httpd/proyecto-plantilla-1/magento/app/code/community/Ves/ProductList/Block/Widget/New.php on line 36
2018-04-17T18:37:57+00:00 DEBUG (7): Security problem: newsletter/subscribe has not been whitelisted.
2018-04-17T18:37:58+00:00 DEBUG (7): Security problem: tag/popular has not been whitelisted.
2018-04-17T18:38:00+00:00 DEBUG (7): Security problem: tag/popular has not been whitelisted.
2018-04-17T18:39:46+00:00 ERR (3): Strict Notice: Declaration of Ves_ProductList_Block_Widget_New::_construct() should be compatible with Ves_ProductList_Block_Gridwidget::_construct($attributes = Array)  in /shared/httpd/proyecto-plantilla-1/magento/app/code/community/Ves/ProductList/Block/Widget/New.php on line 36
2018-04-17T18:39:46+00:00 DEBUG (7): Security problem: newsletter/subscribe has not been whitelisted.
2018-04-17T18:39:48+00:00 DEBUG (7): Security problem: tag/popular has not been whitelisted.
2018-04-17T18:39:49+00:00 DEBUG (7): Security problem: tag/popular has not been whitelisted.
2018-04-17T18:40:31+00:00 ERR (3): Strict Notice: Declaration of Ves_ProductList_Block_Widget_New::_construct() should be compatible with Ves_ProductList_Block_Gridwidget::_construct($attributes = Array)  in /shared/httpd/proyecto-plantilla-1/magento/app/code/community/Ves/ProductList/Block/Widget/New.php on line 36
2018-04-17T18:40:31+00:00 DEBUG (7): Security problem: newsletter/subscribe has not been whitelisted.
2018-04-17T18:40:32+00:00 DEBUG (7): Security problem: tag/popular has not been whitelisted.
2018-04-17T18:40:34+00:00 DEBUG (7): Security problem: tag/popular has not been whitelisted.
2018-04-17T18:41:50+00:00 ERR (3): Strict Notice: Declaration of Ves_ProductList_Block_Widget_New::_construct() should be compatible with Ves_ProductList_Block_Gridwidget::_construct($attributes = Array)  in /shared/httpd/proyecto-plantilla-1/magento/app/code/community/Ves/ProductList/Block/Widget/New.php on line 36
2018-04-17T18:41:50+00:00 DEBUG (7): Security problem: newsletter/subscribe has not been whitelisted.
2018-04-17T18:41:52+00:00 DEBUG (7): Security problem: tag/popular has not been whitelisted.
2018-04-17T18:41:54+00:00 DEBUG (7): Security problem: tag/popular has not been whitelisted.
2018-04-17T18:42:36+00:00 ERR (3): Strict Notice: Declaration of Ves_ProductList_Block_Widget_New::_construct() should be compatible with Ves_ProductList_Block_Gridwidget::_construct($attributes = Array)  in /shared/httpd/proyecto-plantilla-1/magento/app/code/community/Ves/ProductList/Block/Widget/New.php on line 36
2018-04-17T18:42:36+00:00 DEBUG (7): Security problem: newsletter/subscribe has not been whitelisted.
2018-04-17T18:42:38+00:00 DEBUG (7): Security problem: tag/popular has not been whitelisted.
2018-04-17T18:42:40+00:00 DEBUG (7): Security problem: tag/popular has not been whitelisted.
2018-04-17T18:43:15+00:00 ERR (3): Strict Notice: Declaration of Ves_ProductList_Block_Widget_New::_construct() should be compatible with Ves_ProductList_Block_Gridwidget::_construct($attributes = Array)  in /shared/httpd/proyecto-plantilla-1/magento/app/code/community/Ves/ProductList/Block/Widget/New.php on line 36
2018-04-17T18:43:15+00:00 DEBUG (7): Security problem: newsletter/subscribe has not been whitelisted.
2018-04-17T18:43:17+00:00 DEBUG (7): Security problem: tag/popular has not been whitelisted.
2018-04-17T18:43:18+00:00 DEBUG (7): Security problem: tag/popular has not been whitelisted.
2018-04-17T18:43:23+00:00 ERR (3): Strict Notice: Declaration of Ves_ProductList_Block_Widget_New::_construct() should be compatible with Ves_ProductList_Block_Gridwidget::_construct($attributes = Array)  in /shared/httpd/proyecto-plantilla-1/magento/app/code/community/Ves/ProductList/Block/Widget/New.php on line 36
2018-04-17T18:43:23+00:00 DEBUG (7): Security problem: newsletter/subscribe has not been whitelisted.
2018-04-17T18:43:25+00:00 DEBUG (7): Security problem: tag/popular has not been whitelisted.
2018-04-17T18:43:27+00:00 DEBUG (7): Security problem: tag/popular has not been whitelisted.
2018-04-17T18:46:15+00:00 ERR (3): Strict Notice: Declaration of Ves_ProductList_Block_Widget_New::_construct() should be compatible with Ves_ProductList_Block_Gridwidget::_construct($attributes = Array)  in /shared/httpd/proyecto-plantilla-1/magento/app/code/community/Ves/ProductList/Block/Widget/New.php on line 36
2018-04-17T18:46:16+00:00 DEBUG (7): Security problem: newsletter/subscribe has not been whitelisted.
2018-04-17T18:46:17+00:00 DEBUG (7): Security problem: tag/popular has not been whitelisted.
2018-04-17T18:46:19+00:00 DEBUG (7): Security problem: tag/popular has not been whitelisted.
2018-04-17T18:47:12+00:00 ERR (3): Strict Notice: Declaration of Ves_ProductList_Block_Widget_New::_construct() should be compatible with Ves_ProductList_Block_Gridwidget::_construct($attributes = Array)  in /shared/httpd/proyecto-plantilla-1/magento/app/code/community/Ves/ProductList/Block/Widget/New.php on line 36
2018-04-17T18:47:12+00:00 DEBUG (7): Security problem: newsletter/subscribe has not been whitelisted.
2018-04-17T18:47:14+00:00 DEBUG (7): Security problem: tag/popular has not been whitelisted.
2018-04-17T18:47:16+00:00 DEBUG (7): Security problem: tag/popular has not been whitelisted.
2018-04-17T18:48:42+00:00 ERR (3): Strict Notice: Declaration of Ves_ProductList_Block_Widget_New::_construct() should be compatible with Ves_ProductList_Block_Gridwidget::_construct($attributes = Array)  in /shared/httpd/proyecto-plantilla-1/magento/app/code/community/Ves/ProductList/Block/Widget/New.php on line 36
2018-04-17T18:48:42+00:00 DEBUG (7): Security problem: newsletter/subscribe has not been whitelisted.
2018-04-17T18:48:44+00:00 DEBUG (7): Security problem: tag/popular has not been whitelisted.
2018-04-17T18:48:46+00:00 DEBUG (7): Security problem: tag/popular has not been whitelisted.
2018-04-17T18:49:13+00:00 ERR (3): Strict Notice: Declaration of Ves_ProductList_Block_Widget_New::_construct() should be compatible with Ves_ProductList_Block_Gridwidget::_construct($attributes = Array)  in /shared/httpd/proyecto-plantilla-1/magento/app/code/community/Ves/ProductList/Block/Widget/New.php on line 36
2018-04-17T18:49:13+00:00 DEBUG (7): Security problem: newsletter/subscribe has not been whitelisted.
2018-04-17T18:49:15+00:00 DEBUG (7): Security problem: tag/popular has not been whitelisted.
2018-04-17T18:49:16+00:00 DEBUG (7): Security problem: tag/popular has not been whitelisted.
2018-04-17T18:50:27+00:00 ERR (3): Strict Notice: Declaration of Ves_ProductList_Block_Widget_New::_construct() should be compatible with Ves_ProductList_Block_Gridwidget::_construct($attributes = Array)  in /shared/httpd/proyecto-plantilla-1/magento/app/code/community/Ves/ProductList/Block/Widget/New.php on line 36
2018-04-17T18:50:27+00:00 DEBUG (7): Security problem: newsletter/subscribe has not been whitelisted.
2018-04-17T18:50:29+00:00 DEBUG (7): Security problem: tag/popular has not been whitelisted.
2018-04-17T18:50:30+00:00 DEBUG (7): Security problem: tag/popular has not been whitelisted.
2018-04-17T18:53:34+00:00 ERR (3): Strict Notice: Declaration of Ves_ProductList_Block_Widget_New::_construct() should be compatible with Ves_ProductList_Block_Gridwidget::_construct($attributes = Array)  in /shared/httpd/proyecto-plantilla-1/magento/app/code/community/Ves/ProductList/Block/Widget/New.php on line 36
2018-04-17T18:53:34+00:00 DEBUG (7): Security problem: newsletter/subscribe has not been whitelisted.
2018-04-17T18:53:36+00:00 DEBUG (7): Security problem: tag/popular has not been whitelisted.
2018-04-17T18:53:38+00:00 DEBUG (7): Security problem: tag/popular has not been whitelisted.
2018-04-17T18:55:31+00:00 ERR (3): Strict Notice: Declaration of Ves_ProductList_Block_Widget_New::_construct() should be compatible with Ves_ProductList_Block_Gridwidget::_construct($attributes = Array)  in /shared/httpd/proyecto-plantilla-1/magento/app/code/community/Ves/ProductList/Block/Widget/New.php on line 36
2018-04-17T18:55:32+00:00 DEBUG (7): Security problem: newsletter/subscribe has not been whitelisted.
2018-04-17T18:55:33+00:00 DEBUG (7): Security problem: tag/popular has not been whitelisted.
2018-04-17T18:55:35+00:00 DEBUG (7): Security problem: tag/popular has not been whitelisted.
2018-04-17T19:02:47+00:00 ERR (3): Strict Notice: Declaration of Ves_ProductList_Block_Widget_New::_construct() should be compatible with Ves_ProductList_Block_Gridwidget::_construct($attributes = Array)  in /shared/httpd/proyecto-plantilla-1/magento/app/code/community/Ves/ProductList/Block/Widget/New.php on line 36
2018-04-17T19:02:48+00:00 DEBUG (7): Security problem: newsletter/subscribe has not been whitelisted.
2018-04-17T19:02:50+00:00 DEBUG (7): Security problem: tag/popular has not been whitelisted.
2018-04-17T19:02:52+00:00 DEBUG (7): Security problem: tag/popular has not been whitelisted.
2018-04-17T19:04:01+00:00 ERR (3): Strict Notice: Declaration of Ves_ProductList_Block_Widget_New::_construct() should be compatible with Ves_ProductList_Block_Gridwidget::_construct($attributes = Array)  in /shared/httpd/proyecto-plantilla-1/magento/app/code/community/Ves/ProductList/Block/Widget/New.php on line 36
2018-04-17T19:04:02+00:00 DEBUG (7): Security problem: newsletter/subscribe has not been whitelisted.
2018-04-17T19:04:03+00:00 DEBUG (7): Security problem: tag/popular has not been whitelisted.
2018-04-17T19:04:05+00:00 DEBUG (7): Security problem: tag/popular has not been whitelisted.
2018-04-17T19:05:07+00:00 ERR (3): Strict Notice: Declaration of Ves_ProductList_Block_Widget_New::_construct() should be compatible with Ves_ProductList_Block_Gridwidget::_construct($attributes = Array)  in /shared/httpd/proyecto-plantilla-1/magento/app/code/community/Ves/ProductList/Block/Widget/New.php on line 36
2018-04-17T19:05:08+00:00 DEBUG (7): Security problem: newsletter/subscribe has not been whitelisted.
2018-04-17T19:05:09+00:00 DEBUG (7): Security problem: tag/popular has not been whitelisted.
2018-04-17T19:05:11+00:00 DEBUG (7): Security problem: tag/popular has not been whitelisted.
2018-04-17T19:05:50+00:00 ERR (3): Strict Notice: Declaration of Ves_ProductList_Block_Widget_New::_construct() should be compatible with Ves_ProductList_Block_Gridwidget::_construct($attributes = Array)  in /shared/httpd/proyecto-plantilla-1/magento/app/code/community/Ves/ProductList/Block/Widget/New.php on line 36
2018-04-17T19:05:51+00:00 DEBUG (7): Security problem: newsletter/subscribe has not been whitelisted.
2018-04-17T19:05:52+00:00 DEBUG (7): Security problem: tag/popular has not been whitelisted.
2018-04-17T19:05:54+00:00 DEBUG (7): Security problem: tag/popular has not been whitelisted.
2018-04-17T19:06:26+00:00 ERR (3): Strict Notice: Declaration of Ves_ProductList_Block_Widget_New::_construct() should be compatible with Ves_ProductList_Block_Gridwidget::_construct($attributes = Array)  in /shared/httpd/proyecto-plantilla-1/magento/app/code/community/Ves/ProductList/Block/Widget/New.php on line 36
2018-04-17T19:06:27+00:00 DEBUG (7): Security problem: newsletter/subscribe has not been whitelisted.
2018-04-17T19:06:28+00:00 DEBUG (7): Security problem: tag/popular has not been whitelisted.
2018-04-17T19:06:30+00:00 DEBUG (7): Security problem: tag/popular has not been whitelisted.
2018-04-17T19:08:27+00:00 ERR (3): Strict Notice: Declaration of Ves_ProductList_Block_Widget_New::_construct() should be compatible with Ves_ProductList_Block_Gridwidget::_construct($attributes = Array)  in /shared/httpd/proyecto-plantilla-1/magento/app/code/community/Ves/ProductList/Block/Widget/New.php on line 36
2018-04-17T19:08:27+00:00 DEBUG (7): Security problem: newsletter/subscribe has not been whitelisted.
2018-04-17T19:08:29+00:00 DEBUG (7): Security problem: tag/popular has not been whitelisted.
2018-04-17T19:08:31+00:00 DEBUG (7): Security problem: tag/popular has not been whitelisted.
2018-04-17T19:10:02+00:00 ERR (3): Strict Notice: Declaration of Ves_ProductList_Block_Widget_New::_construct() should be compatible with Ves_ProductList_Block_Gridwidget::_construct($attributes = Array)  in /shared/httpd/proyecto-plantilla-1/magento/app/code/community/Ves/ProductList/Block/Widget/New.php on line 36
2018-04-17T19:10:02+00:00 DEBUG (7): Security problem: newsletter/subscribe has not been whitelisted.
2018-04-17T19:10:04+00:00 DEBUG (7): Security problem: tag/popular has not been whitelisted.
2018-04-17T19:10:05+00:00 DEBUG (7): Security problem: tag/popular has not been whitelisted.
2018-04-17T19:10:45+00:00 ERR (3): Strict Notice: Declaration of Ves_ProductList_Block_Widget_New::_construct() should be compatible with Ves_ProductList_Block_Gridwidget::_construct($attributes = Array)  in /shared/httpd/proyecto-plantilla-1/magento/app/code/community/Ves/ProductList/Block/Widget/New.php on line 36
2018-04-17T19:10:46+00:00 DEBUG (7): Security problem: newsletter/subscribe has not been whitelisted.
2018-04-17T19:10:47+00:00 DEBUG (7): Security problem: tag/popular has not been whitelisted.
2018-04-17T19:10:49+00:00 DEBUG (7): Security problem: tag/popular has not been whitelisted.
2018-04-17T19:11:27+00:00 ERR (3): Strict Notice: Declaration of Ves_ProductList_Block_Widget_New::_construct() should be compatible with Ves_ProductList_Block_Gridwidget::_construct($attributes = Array)  in /shared/httpd/proyecto-plantilla-1/magento/app/code/community/Ves/ProductList/Block/Widget/New.php on line 36
2018-04-17T19:11:27+00:00 DEBUG (7): Security problem: newsletter/subscribe has not been whitelisted.
2018-04-17T19:11:28+00:00 DEBUG (7): Security problem: tag/popular has not been whitelisted.
2018-04-17T19:11:30+00:00 DEBUG (7): Security problem: tag/popular has not been whitelisted.
2018-04-17T19:12:31+00:00 ERR (3): Strict Notice: Declaration of Ves_ProductList_Block_Widget_New::_construct() should be compatible with Ves_ProductList_Block_Gridwidget::_construct($attributes = Array)  in /shared/httpd/proyecto-plantilla-1/magento/app/code/community/Ves/ProductList/Block/Widget/New.php on line 36
2018-04-17T19:12:32+00:00 DEBUG (7): Security problem: newsletter/subscribe has not been whitelisted.
2018-04-17T19:12:33+00:00 DEBUG (7): Security problem: tag/popular has not been whitelisted.
2018-04-17T19:12:35+00:00 DEBUG (7): Security problem: tag/popular has not been whitelisted.
2018-04-17T19:12:50+00:00 ERR (3): Strict Notice: Declaration of Ves_ProductList_Block_Widget_New::_construct() should be compatible with Ves_ProductList_Block_Gridwidget::_construct($attributes = Array)  in /shared/httpd/proyecto-plantilla-1/magento/app/code/community/Ves/ProductList/Block/Widget/New.php on line 36
2018-04-17T19:12:50+00:00 DEBUG (7): Security problem: newsletter/subscribe has not been whitelisted.
2018-04-17T19:12:52+00:00 DEBUG (7): Security problem: tag/popular has not been whitelisted.
2018-04-17T19:12:53+00:00 DEBUG (7): Security problem: tag/popular has not been whitelisted.
2018-04-17T19:13:25+00:00 ERR (3): Strict Notice: Declaration of Ves_ProductList_Block_Widget_New::_construct() should be compatible with Ves_ProductList_Block_Gridwidget::_construct($attributes = Array)  in /shared/httpd/proyecto-plantilla-1/magento/app/code/community/Ves/ProductList/Block/Widget/New.php on line 36
2018-04-17T19:13:26+00:00 DEBUG (7): Security problem: newsletter/subscribe has not been whitelisted.
2018-04-17T19:13:27+00:00 DEBUG (7): Security problem: tag/popular has not been whitelisted.
2018-04-17T19:13:29+00:00 DEBUG (7): Security problem: tag/popular has not been whitelisted.
2018-04-17T19:15:06+00:00 ERR (3): Strict Notice: Declaration of Ves_ProductList_Block_Widget_New::_construct() should be compatible with Ves_ProductList_Block_Gridwidget::_construct($attributes = Array)  in /shared/httpd/proyecto-plantilla-1/magento/app/code/community/Ves/ProductList/Block/Widget/New.php on line 36
2018-04-17T19:15:07+00:00 DEBUG (7): Security problem: newsletter/subscribe has not been whitelisted.
2018-04-17T19:15:08+00:00 DEBUG (7): Security problem: tag/popular has not been whitelisted.
2018-04-17T19:15:10+00:00 DEBUG (7): Security problem: tag/popular has not been whitelisted.
2018-04-17T19:16:47+00:00 ERR (3): Strict Notice: Declaration of Ves_ProductList_Block_Widget_New::_construct() should be compatible with Ves_ProductList_Block_Gridwidget::_construct($attributes = Array)  in /shared/httpd/proyecto-plantilla-1/magento/app/code/community/Ves/ProductList/Block/Widget/New.php on line 36
2018-04-17T19:16:47+00:00 DEBUG (7): Security problem: newsletter/subscribe has not been whitelisted.
2018-04-17T19:16:48+00:00 DEBUG (7): Security problem: tag/popular has not been whitelisted.
2018-04-17T19:16:50+00:00 DEBUG (7): Security problem: tag/popular has not been whitelisted.
2018-04-17T19:17:43+00:00 ERR (3): Strict Notice: Declaration of Ves_ProductList_Block_Widget_New::_construct() should be compatible with Ves_ProductList_Block_Gridwidget::_construct($attributes = Array)  in /shared/httpd/proyecto-plantilla-1/magento/app/code/community/Ves/ProductList/Block/Widget/New.php on line 36
2018-04-17T19:17:43+00:00 DEBUG (7): Security problem: newsletter/subscribe has not been whitelisted.
2018-04-17T19:17:45+00:00 DEBUG (7): Security problem: tag/popular has not been whitelisted.
2018-04-17T19:17:46+00:00 DEBUG (7): Security problem: tag/popular has not been whitelisted.
2018-04-17T19:17:54+00:00 DEBUG (7): Security problem: tag/popular has not been whitelisted.
2018-04-17T19:17:56+00:00 DEBUG (7): Security problem: tag/popular has not been whitelisted.
2018-04-17T19:17:59+00:00 ERR (3): Strict Notice: Declaration of Ves_ProductList_Block_Widget_New::_construct() should be compatible with Ves_ProductList_Block_Gridwidget::_construct($attributes = Array)  in /shared/httpd/proyecto-plantilla-1/magento/app/code/community/Ves/ProductList/Block/Widget/New.php on line 36
2018-04-17T19:18:00+00:00 DEBUG (7): Security problem: newsletter/subscribe has not been whitelisted.
2018-04-17T19:18:01+00:00 DEBUG (7): Security problem: tag/popular has not been whitelisted.
2018-04-17T19:18:03+00:00 DEBUG (7): Security problem: tag/popular has not been whitelisted.
2018-04-17T19:19:28+00:00 ERR (3): Strict Notice: Declaration of Ves_ProductList_Block_Widget_New::_construct() should be compatible with Ves_ProductList_Block_Gridwidget::_construct($attributes = Array)  in /shared/httpd/proyecto-plantilla-1/magento/app/code/community/Ves/ProductList/Block/Widget/New.php on line 36
2018-04-17T19:19:28+00:00 DEBUG (7): Security problem: newsletter/subscribe has not been whitelisted.
2018-04-17T19:19:30+00:00 DEBUG (7): Security problem: tag/popular has not been whitelisted.
2018-04-17T19:19:32+00:00 DEBUG (7): Security problem: tag/popular has not been whitelisted.
2018-04-17T19:20:44+00:00 ERR (3): Strict Notice: Declaration of Ves_ProductList_Block_Widget_New::_construct() should be compatible with Ves_ProductList_Block_Gridwidget::_construct($attributes = Array)  in /shared/httpd/proyecto-plantilla-1/magento/app/code/community/Ves/ProductList/Block/Widget/New.php on line 36
2018-04-17T19:20:44+00:00 DEBUG (7): Security problem: newsletter/subscribe has not been whitelisted.
2018-04-17T19:20:45+00:00 DEBUG (7): Security problem: tag/popular has not been whitelisted.
2018-04-17T19:20:47+00:00 DEBUG (7): Security problem: tag/popular has not been whitelisted.
2018-04-17T19:22:02+00:00 ERR (3): Strict Notice: Declaration of Ves_ProductList_Block_Widget_New::_construct() should be compatible with Ves_ProductList_Block_Gridwidget::_construct($attributes = Array)  in /shared/httpd/proyecto-plantilla-1/magento/app/code/community/Ves/ProductList/Block/Widget/New.php on line 36
2018-04-17T19:22:03+00:00 DEBUG (7): Security problem: newsletter/subscribe has not been whitelisted.
2018-04-17T19:22:04+00:00 DEBUG (7): Security problem: tag/popular has not been whitelisted.
2018-04-17T19:22:06+00:00 DEBUG (7): Security problem: tag/popular has not been whitelisted.
2018-04-17T19:25:56+00:00 ERR (3): Strict Notice: Declaration of Ves_ProductList_Block_Widget_New::_construct() should be compatible with Ves_ProductList_Block_Gridwidget::_construct($attributes = Array)  in /shared/httpd/proyecto-plantilla-1/magento/app/code/community/Ves/ProductList/Block/Widget/New.php on line 36
2018-04-17T19:25:56+00:00 DEBUG (7): Security problem: newsletter/subscribe has not been whitelisted.
2018-04-17T19:25:58+00:00 DEBUG (7): Security problem: tag/popular has not been whitelisted.
2018-04-17T19:25:59+00:00 DEBUG (7): Security problem: tag/popular has not been whitelisted.
2018-04-17T19:29:47+00:00 ERR (3): Strict Notice: Declaration of Ves_ProductList_Block_Widget_New::_construct() should be compatible with Ves_ProductList_Block_Gridwidget::_construct($attributes = Array)  in /shared/httpd/proyecto-plantilla-1/magento/app/code/community/Ves/ProductList/Block/Widget/New.php on line 36
2018-04-17T19:29:47+00:00 DEBUG (7): Security problem: newsletter/subscribe has not been whitelisted.
2018-04-17T19:29:49+00:00 DEBUG (7): Security problem: tag/popular has not been whitelisted.
2018-04-17T19:29:51+00:00 DEBUG (7): Security problem: tag/popular has not been whitelisted.
2018-04-17T19:33:04+00:00 ERR (3): Strict Notice: Declaration of Ves_ProductList_Block_Widget_New::_construct() should be compatible with Ves_ProductList_Block_Gridwidget::_construct($attributes = Array)  in /shared/httpd/proyecto-plantilla-1/magento/app/code/community/Ves/ProductList/Block/Widget/New.php on line 36
2018-04-17T19:33:05+00:00 DEBUG (7): Security problem: newsletter/subscribe has not been whitelisted.
2018-04-17T19:33:06+00:00 DEBUG (7): Security problem: tag/popular has not been whitelisted.
2018-04-17T19:33:08+00:00 DEBUG (7): Security problem: tag/popular has not been whitelisted.
2018-04-17T19:33:35+00:00 ERR (3): Strict Notice: Declaration of Ves_ProductList_Block_Widget_New::_construct() should be compatible with Ves_ProductList_Block_Gridwidget::_construct($attributes = Array)  in /shared/httpd/proyecto-plantilla-1/magento/app/code/community/Ves/ProductList/Block/Widget/New.php on line 36
2018-04-17T19:33:36+00:00 DEBUG (7): Security problem: newsletter/subscribe has not been whitelisted.
2018-04-17T19:33:37+00:00 DEBUG (7): Security problem: tag/popular has not been whitelisted.
2018-04-17T19:33:39+00:00 DEBUG (7): Security problem: tag/popular has not been whitelisted.
2018-04-17T19:34:01+00:00 ERR (3): Strict Notice: Declaration of Ves_ProductList_Block_Widget_New::_construct() should be compatible with Ves_ProductList_Block_Gridwidget::_construct($attributes = Array)  in /shared/httpd/proyecto-plantilla-1/magento/app/code/community/Ves/ProductList/Block/Widget/New.php on line 36
2018-04-17T19:34:01+00:00 DEBUG (7): Security problem: newsletter/subscribe has not been whitelisted.
2018-04-17T19:34:03+00:00 DEBUG (7): Security problem: tag/popular has not been whitelisted.
2018-04-17T19:34:04+00:00 DEBUG (7): Security problem: tag/popular has not been whitelisted.
2018-04-17T19:34:21+00:00 ERR (3): Strict Notice: Declaration of Ves_ProductList_Block_Widget_New::_construct() should be compatible with Ves_ProductList_Block_Gridwidget::_construct($attributes = Array)  in /shared/httpd/proyecto-plantilla-1/magento/app/code/community/Ves/ProductList/Block/Widget/New.php on line 36
2018-04-17T19:34:22+00:00 DEBUG (7): Security problem: newsletter/subscribe has not been whitelisted.
2018-04-17T19:34:24+00:00 DEBUG (7): Security problem: tag/popular has not been whitelisted.
2018-04-17T19:34:26+00:00 DEBUG (7): Security problem: tag/popular has not been whitelisted.
2018-04-17T19:39:09+00:00 ERR (3): Strict Notice: Declaration of Ves_ProductList_Block_Widget_New::_construct() should be compatible with Ves_ProductList_Block_Gridwidget::_construct($attributes = Array)  in /shared/httpd/proyecto-plantilla-1/magento/app/code/community/Ves/ProductList/Block/Widget/New.php on line 36
2018-04-17T19:39:10+00:00 DEBUG (7): Security problem: newsletter/subscribe has not been whitelisted.
2018-04-17T19:39:11+00:00 DEBUG (7): Security problem: tag/popular has not been whitelisted.
2018-04-17T19:39:13+00:00 DEBUG (7): Security problem: tag/popular has not been whitelisted.
2018-04-17T19:43:59+00:00 ERR (3): Strict Notice: Declaration of Ves_ProductList_Block_Widget_New::_construct() should be compatible with Ves_ProductList_Block_Gridwidget::_construct($attributes = Array)  in /shared/httpd/proyecto-plantilla-1/magento/app/code/community/Ves/ProductList/Block/Widget/New.php on line 36
2018-04-17T19:43:59+00:00 DEBUG (7): Security problem: newsletter/subscribe has not been whitelisted.
2018-04-17T19:44:00+00:00 DEBUG (7): Security problem: tag/popular has not been whitelisted.
2018-04-17T19:44:01+00:00 DEBUG (7): Security problem: tag/popular has not been whitelisted.
2018-04-17T19:44:52+00:00 ERR (3): Strict Notice: Declaration of Ves_ProductList_Block_Widget_New::_construct() should be compatible with Ves_ProductList_Block_Gridwidget::_construct($attributes = Array)  in /shared/httpd/proyecto-plantilla-1/magento/app/code/community/Ves/ProductList/Block/Widget/New.php on line 36
2018-04-17T19:44:52+00:00 DEBUG (7): Security problem: newsletter/subscribe has not been whitelisted.
2018-04-17T19:44:53+00:00 DEBUG (7): Security problem: tag/popular has not been whitelisted.
2018-04-17T19:44:55+00:00 DEBUG (7): Security problem: tag/popular has not been whitelisted.
2018-04-17T19:51:06+00:00 ERR (3): Strict Notice: Declaration of Ves_ProductList_Block_Widget_New::_construct() should be compatible with Ves_ProductList_Block_Gridwidget::_construct($attributes = Array)  in /shared/httpd/proyecto-plantilla-1/magento/app/code/community/Ves/ProductList/Block/Widget/New.php on line 36
2018-04-17T19:51:06+00:00 DEBUG (7): Security problem: newsletter/subscribe has not been whitelisted.
2018-04-17T19:51:08+00:00 DEBUG (7): Security problem: tag/popular has not been whitelisted.
2018-04-17T19:51:09+00:00 DEBUG (7): Security problem: tag/popular has not been whitelisted.
2018-04-17T19:52:20+00:00 ERR (3): Strict Notice: Declaration of Ves_ProductList_Block_Widget_New::_construct() should be compatible with Ves_ProductList_Block_Gridwidget::_construct($attributes = Array)  in /shared/httpd/proyecto-plantilla-1/magento/app/code/community/Ves/ProductList/Block/Widget/New.php on line 36
2018-04-17T19:52:21+00:00 DEBUG (7): Security problem: newsletter/subscribe has not been whitelisted.
2018-04-17T19:52:22+00:00 DEBUG (7): Security problem: tag/popular has not been whitelisted.
2018-04-17T19:52:23+00:00 DEBUG (7): Security problem: tag/popular has not been whitelisted.
2018-04-17T19:53:37+00:00 ERR (3): Strict Notice: Declaration of Ves_ProductList_Block_Widget_New::_construct() should be compatible with Ves_ProductList_Block_Gridwidget::_construct($attributes = Array)  in /shared/httpd/proyecto-plantilla-1/magento/app/code/community/Ves/ProductList/Block/Widget/New.php on line 36
2018-04-17T19:53:38+00:00 DEBUG (7): Security problem: newsletter/subscribe has not been whitelisted.
2018-04-17T19:53:40+00:00 DEBUG (7): Security problem: tag/popular has not been whitelisted.
2018-04-17T19:53:42+00:00 DEBUG (7): Security problem: tag/popular has not been whitelisted.
2018-04-17T19:55:56+00:00 ERR (3): Strict Notice: Declaration of Ves_ProductList_Block_Widget_New::_construct() should be compatible with Ves_ProductList_Block_Gridwidget::_construct($attributes = Array)  in /shared/httpd/proyecto-plantilla-1/magento/app/code/community/Ves/ProductList/Block/Widget/New.php on line 36
2018-04-17T19:55:56+00:00 DEBUG (7): Security problem: newsletter/subscribe has not been whitelisted.
2018-04-17T19:55:58+00:00 DEBUG (7): Security problem: tag/popular has not been whitelisted.
2018-04-17T19:55:59+00:00 DEBUG (7): Security problem: tag/popular has not been whitelisted.
2018-04-17T19:58:25+00:00 ERR (3): Strict Notice: Declaration of Ves_ProductList_Block_Widget_New::_construct() should be compatible with Ves_ProductList_Block_Gridwidget::_construct($attributes = Array)  in /shared/httpd/proyecto-plantilla-1/magento/app/code/community/Ves/ProductList/Block/Widget/New.php on line 36
2018-04-17T19:58:25+00:00 DEBUG (7): Security problem: newsletter/subscribe has not been whitelisted.
2018-04-17T19:58:27+00:00 DEBUG (7): Security problem: tag/popular has not been whitelisted.
2018-04-17T19:58:29+00:00 DEBUG (7): Security problem: tag/popular has not been whitelisted.
2018-04-17T19:58:59+00:00 ERR (3): Strict Notice: Declaration of Ves_ProductList_Block_Widget_New::_construct() should be compatible with Ves_ProductList_Block_Gridwidget::_construct($attributes = Array)  in /shared/httpd/proyecto-plantilla-1/magento/app/code/community/Ves/ProductList/Block/Widget/New.php on line 36
2018-04-17T19:59:00+00:00 DEBUG (7): Security problem: newsletter/subscribe has not been whitelisted.
2018-04-17T19:59:01+00:00 DEBUG (7): Security problem: tag/popular has not been whitelisted.
2018-04-17T19:59:03+00:00 DEBUG (7): Security problem: tag/popular has not been whitelisted.
2018-04-17T20:00:26+00:00 ERR (3): Strict Notice: Declaration of Ves_ProductList_Block_Widget_New::_construct() should be compatible with Ves_ProductList_Block_Gridwidget::_construct($attributes = Array)  in /shared/httpd/proyecto-plantilla-1/magento/app/code/community/Ves/ProductList/Block/Widget/New.php on line 36
2018-04-17T20:00:27+00:00 DEBUG (7): Security problem: newsletter/subscribe has not been whitelisted.
2018-04-17T20:00:29+00:00 DEBUG (7): Security problem: tag/popular has not been whitelisted.
2018-04-17T20:00:30+00:00 DEBUG (7): Security problem: tag/popular has not been whitelisted.
2018-04-17T20:01:31+00:00 ERR (3): Strict Notice: Declaration of Ves_ProductList_Block_Widget_New::_construct() should be compatible with Ves_ProductList_Block_Gridwidget::_construct($attributes = Array)  in /shared/httpd/proyecto-plantilla-1/magento/app/code/community/Ves/ProductList/Block/Widget/New.php on line 36
2018-04-17T20:01:32+00:00 DEBUG (7): Security problem: newsletter/subscribe has not been whitelisted.
2018-04-17T20:01:33+00:00 DEBUG (7): Security problem: tag/popular has not been whitelisted.
2018-04-17T20:01:35+00:00 DEBUG (7): Security problem: tag/popular has not been whitelisted.
2018-04-17T20:07:18+00:00 ERR (3): Strict Notice: Declaration of Ves_ProductList_Block_Widget_New::_construct() should be compatible with Ves_ProductList_Block_Gridwidget::_construct($attributes = Array)  in /shared/httpd/proyecto-plantilla-1/magento/app/code/community/Ves/ProductList/Block/Widget/New.php on line 36
2018-04-17T20:07:19+00:00 DEBUG (7): Security problem: newsletter/subscribe has not been whitelisted.
2018-04-17T20:07:20+00:00 DEBUG (7): Security problem: tag/popular has not been whitelisted.
2018-04-17T20:07:21+00:00 DEBUG (7): Security problem: tag/popular has not been whitelisted.
2018-04-17T20:08:08+00:00 ERR (3): Strict Notice: Declaration of Ves_ProductList_Block_Widget_New::_construct() should be compatible with Ves_ProductList_Block_Gridwidget::_construct($attributes = Array)  in /shared/httpd/proyecto-plantilla-1/magento/app/code/community/Ves/ProductList/Block/Widget/New.php on line 36
2018-04-17T20:08:08+00:00 DEBUG (7): Security problem: newsletter/subscribe has not been whitelisted.
2018-04-17T20:08:10+00:00 DEBUG (7): Security problem: tag/popular has not been whitelisted.
2018-04-17T20:08:11+00:00 DEBUG (7): Security problem: tag/popular has not been whitelisted.
2018-04-17T20:14:33+00:00 ERR (3): Strict Notice: Declaration of Ves_ProductList_Block_Widget_New::_construct() should be compatible with Ves_ProductList_Block_Gridwidget::_construct($attributes = Array)  in /shared/httpd/proyecto-plantilla-1/magento/app/code/community/Ves/ProductList/Block/Widget/New.php on line 36
2018-04-17T20:14:34+00:00 DEBUG (7): Security problem: newsletter/subscribe has not been whitelisted.
2018-04-17T20:14:35+00:00 DEBUG (7): Security problem: tag/popular has not been whitelisted.
2018-04-17T20:14:37+00:00 DEBUG (7): Security problem: tag/popular has not been whitelisted.
2018-04-17T20:15:57+00:00 ERR (3): Strict Notice: Declaration of Ves_ProductList_Block_Widget_New::_construct() should be compatible with Ves_ProductList_Block_Gridwidget::_construct($attributes = Array)  in /shared/httpd/proyecto-plantilla-1/magento/app/code/community/Ves/ProductList/Block/Widget/New.php on line 36
2018-04-17T20:15:57+00:00 DEBUG (7): Security problem: newsletter/subscribe has not been whitelisted.
2018-04-17T20:15:59+00:00 DEBUG (7): Security problem: tag/popular has not been whitelisted.
2018-04-17T20:16:00+00:00 DEBUG (7): Security problem: tag/popular has not been whitelisted.
2018-04-17T20:16:57+00:00 ERR (3): Strict Notice: Declaration of Ves_ProductList_Block_Widget_New::_construct() should be compatible with Ves_ProductList_Block_Gridwidget::_construct($attributes = Array)  in /shared/httpd/proyecto-plantilla-1/magento/app/code/community/Ves/ProductList/Block/Widget/New.php on line 36
2018-04-17T20:16:58+00:00 DEBUG (7): Security problem: newsletter/subscribe has not been whitelisted.
2018-04-17T20:16:59+00:00 DEBUG (7): Security problem: tag/popular has not been whitelisted.
2018-04-17T20:17:01+00:00 DEBUG (7): Security problem: tag/popular has not been whitelisted.
2018-04-17T20:17:50+00:00 ERR (3): Strict Notice: Declaration of Ves_ProductList_Block_Widget_New::_construct() should be compatible with Ves_ProductList_Block_Gridwidget::_construct($attributes = Array)  in /shared/httpd/proyecto-plantilla-1/magento/app/code/community/Ves/ProductList/Block/Widget/New.php on line 36
2018-04-17T20:17:50+00:00 DEBUG (7): Security problem: newsletter/subscribe has not been whitelisted.
2018-04-17T20:17:51+00:00 DEBUG (7): Security problem: tag/popular has not been whitelisted.
2018-04-17T20:17:53+00:00 DEBUG (7): Security problem: tag/popular has not been whitelisted.
2018-04-17T20:19:05+00:00 ERR (3): Strict Notice: Declaration of Ves_ProductList_Block_Widget_New::_construct() should be compatible with Ves_ProductList_Block_Gridwidget::_construct($attributes = Array)  in /shared/httpd/proyecto-plantilla-1/magento/app/code/community/Ves/ProductList/Block/Widget/New.php on line 36
2018-04-17T20:19:06+00:00 DEBUG (7): Security problem: newsletter/subscribe has not been whitelisted.
2018-04-17T20:19:07+00:00 DEBUG (7): Security problem: tag/popular has not been whitelisted.
2018-04-17T20:19:08+00:00 DEBUG (7): Security problem: tag/popular has not been whitelisted.
2018-04-17T20:27:30+00:00 ERR (3): Strict Notice: Declaration of Ves_ProductList_Block_Widget_New::_construct() should be compatible with Ves_ProductList_Block_Gridwidget::_construct($attributes = Array)  in /shared/httpd/proyecto-plantilla-1/magento/app/code/community/Ves/ProductList/Block/Widget/New.php on line 36
2018-04-17T20:27:30+00:00 DEBUG (7): Security problem: newsletter/subscribe has not been whitelisted.
2018-04-17T20:27:32+00:00 DEBUG (7): Security problem: tag/popular has not been whitelisted.
2018-04-17T20:27:33+00:00 DEBUG (7): Security problem: tag/popular has not been whitelisted.
2018-04-17T20:28:35+00:00 ERR (3): Strict Notice: Declaration of Ves_ProductList_Block_Widget_New::_construct() should be compatible with Ves_ProductList_Block_Gridwidget::_construct($attributes = Array)  in /shared/httpd/proyecto-plantilla-1/magento/app/code/community/Ves/ProductList/Block/Widget/New.php on line 36
2018-04-17T20:28:35+00:00 DEBUG (7): Security problem: newsletter/subscribe has not been whitelisted.
2018-04-17T20:28:37+00:00 DEBUG (7): Security problem: tag/popular has not been whitelisted.
2018-04-17T20:28:38+00:00 DEBUG (7): Security problem: tag/popular has not been whitelisted.
2018-04-17T20:31:02+00:00 ERR (3): Strict Notice: Declaration of Ves_ProductList_Block_Widget_New::_construct() should be compatible with Ves_ProductList_Block_Gridwidget::_construct($attributes = Array)  in /shared/httpd/proyecto-plantilla-1/magento/app/code/community/Ves/ProductList/Block/Widget/New.php on line 36
2018-04-17T20:31:02+00:00 DEBUG (7): Security problem: newsletter/subscribe has not been whitelisted.
2018-04-17T20:31:04+00:00 DEBUG (7): Security problem: tag/popular has not been whitelisted.
2018-04-17T20:31:05+00:00 DEBUG (7): Security problem: tag/popular has not been whitelisted.
2018-04-17T20:31:36+00:00 ERR (3): Strict Notice: Declaration of Ves_ProductList_Block_Widget_New::_construct() should be compatible with Ves_ProductList_Block_Gridwidget::_construct($attributes = Array)  in /shared/httpd/proyecto-plantilla-1/magento/app/code/community/Ves/ProductList/Block/Widget/New.php on line 36
2018-04-17T20:31:37+00:00 DEBUG (7): Security problem: newsletter/subscribe has not been whitelisted.
2018-04-17T20:31:38+00:00 DEBUG (7): Security problem: tag/popular has not been whitelisted.
2018-04-17T20:31:40+00:00 DEBUG (7): Security problem: tag/popular has not been whitelisted.
2018-04-17T20:41:38+00:00 ERR (3): Strict Notice: Declaration of Ves_ProductList_Block_Widget_New::_construct() should be compatible with Ves_ProductList_Block_Gridwidget::_construct($attributes = Array)  in /shared/httpd/proyecto-plantilla-1/magento/app/code/community/Ves/ProductList/Block/Widget/New.php on line 36
2018-04-17T20:41:38+00:00 DEBUG (7): Security problem: newsletter/subscribe has not been whitelisted.
2018-04-17T20:41:39+00:00 DEBUG (7): Security problem: tag/popular has not been whitelisted.
2018-04-17T20:41:41+00:00 DEBUG (7): Security problem: tag/popular has not been whitelisted.
2018-04-17T20:44:02+00:00 ERR (3): Strict Notice: Declaration of Ves_ProductList_Block_Widget_New::_construct() should be compatible with Ves_ProductList_Block_Gridwidget::_construct($attributes = Array)  in /shared/httpd/proyecto-plantilla-1/magento/app/code/community/Ves/ProductList/Block/Widget/New.php on line 36
2018-04-17T20:44:02+00:00 DEBUG (7): Security problem: newsletter/subscribe has not been whitelisted.
2018-04-17T20:44:04+00:00 DEBUG (7): Security problem: tag/popular has not been whitelisted.
2018-04-17T20:44:05+00:00 DEBUG (7): Security problem: tag/popular has not been whitelisted.
2018-04-17T20:45:28+00:00 ERR (3): Strict Notice: Declaration of Ves_ProductList_Block_Widget_New::_construct() should be compatible with Ves_ProductList_Block_Gridwidget::_construct($attributes = Array)  in /shared/httpd/proyecto-plantilla-1/magento/app/code/community/Ves/ProductList/Block/Widget/New.php on line 36
2018-04-17T20:45:29+00:00 DEBUG (7): Security problem: newsletter/subscribe has not been whitelisted.
2018-04-17T20:45:30+00:00 DEBUG (7): Security problem: tag/popular has not been whitelisted.
2018-04-17T20:45:31+00:00 DEBUG (7): Security problem: tag/popular has not been whitelisted.
2018-04-17T20:46:25+00:00 DEBUG (7): Security problem: tag/popular has not been whitelisted.
2018-04-17T20:46:27+00:00 DEBUG (7): Security problem: tag/popular has not been whitelisted.
2018-04-17T20:46:28+00:00 DEBUG (7): Security problem: tag/popular has not been whitelisted.
2018-04-17T20:46:33+00:00 ERR (3): Strict Notice: Declaration of Ves_ProductList_Block_Widget_New::_construct() should be compatible with Ves_ProductList_Block_Gridwidget::_construct($attributes = Array)  in /shared/httpd/proyecto-plantilla-1/magento/app/code/community/Ves/ProductList/Block/Widget/New.php on line 36
2018-04-17T20:46:34+00:00 DEBUG (7): Security problem: newsletter/subscribe has not been whitelisted.
2018-04-17T20:46:35+00:00 DEBUG (7): Security problem: tag/popular has not been whitelisted.
2018-04-17T20:46:37+00:00 DEBUG (7): Security problem: tag/popular has not been whitelisted.
2018-04-17T20:48:11+00:00 ERR (3): Strict Notice: Declaration of Ves_ProductList_Block_Widget_New::_construct() should be compatible with Ves_ProductList_Block_Gridwidget::_construct($attributes = Array)  in /shared/httpd/proyecto-plantilla-1/magento/app/code/community/Ves/ProductList/Block/Widget/New.php on line 36
2018-04-17T20:48:12+00:00 DEBUG (7): Security problem: newsletter/subscribe has not been whitelisted.
2018-04-17T20:48:14+00:00 DEBUG (7): Security problem: tag/popular has not been whitelisted.
2018-04-17T20:48:16+00:00 DEBUG (7): Security problem: tag/popular has not been whitelisted.
2018-04-17T21:03:30+00:00 ERR (3): Strict Notice: Declaration of Ves_ProductList_Block_Widget_New::_construct() should be compatible with Ves_ProductList_Block_Gridwidget::_construct($attributes = Array)  in /shared/httpd/proyecto-plantilla-1/magento/app/code/community/Ves/ProductList/Block/Widget/New.php on line 36
2018-04-17T21:03:30+00:00 DEBUG (7): Security problem: newsletter/subscribe has not been whitelisted.
2018-04-17T21:03:32+00:00 DEBUG (7): Security problem: tag/popular has not been whitelisted.
2018-04-17T21:03:33+00:00 DEBUG (7): Security problem: tag/popular has not been whitelisted.
2018-04-17T21:07:17+00:00 ERR (3): Strict Notice: Declaration of Ves_ProductList_Block_Widget_New::_construct() should be compatible with Ves_ProductList_Block_Gridwidget::_construct($attributes = Array)  in /shared/httpd/proyecto-plantilla-1/magento/app/code/community/Ves/ProductList/Block/Widget/New.php on line 36
2018-04-17T21:07:18+00:00 DEBUG (7): Security problem: newsletter/subscribe has not been whitelisted.
2018-04-17T21:07:19+00:00 DEBUG (7): Security problem: tag/popular has not been whitelisted.
2018-04-17T21:07:21+00:00 DEBUG (7): Security problem: tag/popular has not been whitelisted.
2018-04-17T21:09:54+00:00 ERR (3): Strict Notice: Declaration of Ves_ProductList_Block_Widget_New::_construct() should be compatible with Ves_ProductList_Block_Gridwidget::_construct($attributes = Array)  in /shared/httpd/proyecto-plantilla-1/magento/app/code/community/Ves/ProductList/Block/Widget/New.php on line 36
2018-04-17T21:09:54+00:00 DEBUG (7): Security problem: newsletter/subscribe has not been whitelisted.
2018-04-17T21:09:55+00:00 DEBUG (7): Security problem: tag/popular has not been whitelisted.
2018-04-17T21:09:57+00:00 DEBUG (7): Security problem: tag/popular has not been whitelisted.
2018-04-17T21:10:49+00:00 ERR (3): Strict Notice: Declaration of Ves_ProductList_Block_Widget_New::_construct() should be compatible with Ves_ProductList_Block_Gridwidget::_construct($attributes = Array)  in /shared/httpd/proyecto-plantilla-1/magento/app/code/community/Ves/ProductList/Block/Widget/New.php on line 36
2018-04-17T21:10:50+00:00 DEBUG (7): Security problem: newsletter/subscribe has not been whitelisted.
2018-04-17T21:10:52+00:00 DEBUG (7): Security problem: tag/popular has not been whitelisted.
2018-04-17T21:10:54+00:00 DEBUG (7): Security problem: tag/popular has not been whitelisted.
2018-04-17T21:11:01+00:00 ERR (3): Strict Notice: Declaration of Ves_ProductList_Block_Widget_New::_construct() should be compatible with Ves_ProductList_Block_Gridwidget::_construct($attributes = Array)  in /shared/httpd/proyecto-plantilla-1/magento/app/code/community/Ves/ProductList/Block/Widget/New.php on line 36
2018-04-17T21:11:02+00:00 DEBUG (7): Security problem: newsletter/subscribe has not been whitelisted.
2018-04-17T21:11:03+00:00 DEBUG (7): Security problem: tag/popular has not been whitelisted.
2018-04-17T21:11:05+00:00 DEBUG (7): Security problem: tag/popular has not been whitelisted.
2018-04-17T21:11:35+00:00 ERR (3): Strict Notice: Declaration of Ves_ProductList_Block_Widget_New::_construct() should be compatible with Ves_ProductList_Block_Gridwidget::_construct($attributes = Array)  in /shared/httpd/proyecto-plantilla-1/magento/app/code/community/Ves/ProductList/Block/Widget/New.php on line 36
2018-04-17T21:11:35+00:00 DEBUG (7): Security problem: newsletter/subscribe has not been whitelisted.
2018-04-17T21:11:36+00:00 DEBUG (7): Security problem: tag/popular has not been whitelisted.
2018-04-17T21:11:38+00:00 DEBUG (7): Security problem: tag/popular has not been whitelisted.
2018-04-17T21:14:12+00:00 ERR (3): Strict Notice: Declaration of Ves_ProductList_Block_Widget_New::_construct() should be compatible with Ves_ProductList_Block_Gridwidget::_construct($attributes = Array)  in /shared/httpd/proyecto-plantilla-1/magento/app/code/community/Ves/ProductList/Block/Widget/New.php on line 36
2018-04-17T21:14:13+00:00 DEBUG (7): Security problem: newsletter/subscribe has not been whitelisted.
2018-04-17T21:14:15+00:00 DEBUG (7): Security problem: tag/popular has not been whitelisted.
2018-04-17T21:14:16+00:00 DEBUG (7): Security problem: tag/popular has not been whitelisted.
2018-04-17T21:14:21+00:00 ERR (3): Strict Notice: Declaration of Ves_ProductList_Block_Widget_New::_construct() should be compatible with Ves_ProductList_Block_Gridwidget::_construct($attributes = Array)  in /shared/httpd/proyecto-plantilla-1/magento/app/code/community/Ves/ProductList/Block/Widget/New.php on line 36
2018-04-17T21:14:21+00:00 DEBUG (7): Security problem: newsletter/subscribe has not been whitelisted.
2018-04-17T21:14:23+00:00 DEBUG (7): Security problem: tag/popular has not been whitelisted.
2018-04-17T21:14:24+00:00 DEBUG (7): Security problem: tag/popular has not been whitelisted.
2018-04-17T21:14:35+00:00 ERR (3): Strict Notice: Declaration of Ves_ProductList_Block_Widget_New::_construct() should be compatible with Ves_ProductList_Block_Gridwidget::_construct($attributes = Array)  in /shared/httpd/proyecto-plantilla-1/magento/app/code/community/Ves/ProductList/Block/Widget/New.php on line 36
2018-04-17T21:14:35+00:00 DEBUG (7): Security problem: newsletter/subscribe has not been whitelisted.
2018-04-17T21:14:37+00:00 DEBUG (7): Security problem: tag/popular has not been whitelisted.
2018-04-17T21:14:39+00:00 DEBUG (7): Security problem: tag/popular has not been whitelisted.
2018-04-17T21:16:28+00:00 ERR (3): Strict Notice: Declaration of Ves_ProductList_Block_Widget_New::_construct() should be compatible with Ves_ProductList_Block_Gridwidget::_construct($attributes = Array)  in /shared/httpd/proyecto-plantilla-1/magento/app/code/community/Ves/ProductList/Block/Widget/New.php on line 36
2018-04-17T21:16:29+00:00 DEBUG (7): Security problem: newsletter/subscribe has not been whitelisted.
2018-04-17T21:16:30+00:00 DEBUG (7): Security problem: tag/popular has not been whitelisted.
2018-04-17T21:16:31+00:00 DEBUG (7): Security problem: tag/popular has not been whitelisted.
2018-04-17T21:16:54+00:00 ERR (3): Strict Notice: Declaration of Ves_ProductList_Block_Widget_New::_construct() should be compatible with Ves_ProductList_Block_Gridwidget::_construct($attributes = Array)  in /shared/httpd/proyecto-plantilla-1/magento/app/code/community/Ves/ProductList/Block/Widget/New.php on line 36
2018-04-17T21:16:54+00:00 DEBUG (7): Security problem: newsletter/subscribe has not been whitelisted.
2018-04-17T21:16:56+00:00 DEBUG (7): Security problem: tag/popular has not been whitelisted.
2018-04-17T21:16:58+00:00 DEBUG (7): Security problem: tag/popular has not been whitelisted.
2018-04-17T21:18:00+00:00 ERR (3): Strict Notice: Declaration of Ves_ProductList_Block_Widget_New::_construct() should be compatible with Ves_ProductList_Block_Gridwidget::_construct($attributes = Array)  in /shared/httpd/proyecto-plantilla-1/magento/app/code/community/Ves/ProductList/Block/Widget/New.php on line 36
2018-04-17T21:18:00+00:00 DEBUG (7): Security problem: newsletter/subscribe has not been whitelisted.
2018-04-17T21:18:02+00:00 DEBUG (7): Security problem: tag/popular has not been whitelisted.
2018-04-17T21:18:04+00:00 DEBUG (7): Security problem: tag/popular has not been whitelisted.
2018-04-17T21:18:44+00:00 ERR (3): Strict Notice: Declaration of Ves_ProductList_Block_Widget_New::_construct() should be compatible with Ves_ProductList_Block_Gridwidget::_construct($attributes = Array)  in /shared/httpd/proyecto-plantilla-1/magento/app/code/community/Ves/ProductList/Block/Widget/New.php on line 36
2018-04-17T21:18:44+00:00 DEBUG (7): Security problem: newsletter/subscribe has not been whitelisted.
2018-04-17T21:18:46+00:00 DEBUG (7): Security problem: tag/popular has not been whitelisted.
2018-04-17T21:18:48+00:00 DEBUG (7): Security problem: tag/popular has not been whitelisted.
2018-04-17T21:21:35+00:00 ERR (3): Strict Notice: Declaration of Ves_ProductList_Block_Widget_New::_construct() should be compatible with Ves_ProductList_Block_Gridwidget::_construct($attributes = Array)  in /shared/httpd/proyecto-plantilla-1/magento/app/code/community/Ves/ProductList/Block/Widget/New.php on line 36
2018-04-17T21:21:36+00:00 DEBUG (7): Security problem: newsletter/subscribe has not been whitelisted.
2018-04-17T21:21:37+00:00 DEBUG (7): Security problem: tag/popular has not been whitelisted.
2018-04-17T21:21:39+00:00 DEBUG (7): Security problem: tag/popular has not been whitelisted.
2018-04-17T21:22:50+00:00 ERR (3): Strict Notice: Declaration of Ves_ProductList_Block_Widget_New::_construct() should be compatible with Ves_ProductList_Block_Gridwidget::_construct($attributes = Array)  in /shared/httpd/proyecto-plantilla-1/magento/app/code/community/Ves/ProductList/Block/Widget/New.php on line 36
2018-04-17T21:22:50+00:00 DEBUG (7): Security problem: newsletter/subscribe has not been whitelisted.
2018-04-17T21:22:51+00:00 DEBUG (7): Security problem: tag/popular has not been whitelisted.
2018-04-17T21:22:53+00:00 DEBUG (7): Security problem: tag/popular has not been whitelisted.
2018-04-17T21:23:25+00:00 ERR (3): Strict Notice: Declaration of Ves_ProductList_Block_Widget_New::_construct() should be compatible with Ves_ProductList_Block_Gridwidget::_construct($attributes = Array)  in /shared/httpd/proyecto-plantilla-1/magento/app/code/community/Ves/ProductList/Block/Widget/New.php on line 36
2018-04-17T21:23:25+00:00 DEBUG (7): Security problem: newsletter/subscribe has not been whitelisted.
2018-04-17T21:23:27+00:00 DEBUG (7): Security problem: tag/popular has not been whitelisted.
2018-04-17T21:23:28+00:00 DEBUG (7): Security problem: tag/popular has not been whitelisted.
2018-04-17T21:24:03+00:00 ERR (3): Strict Notice: Declaration of Ves_ProductList_Block_Widget_New::_construct() should be compatible with Ves_ProductList_Block_Gridwidget::_construct($attributes = Array)  in /shared/httpd/proyecto-plantilla-1/magento/app/code/community/Ves/ProductList/Block/Widget/New.php on line 36
2018-04-17T21:24:04+00:00 DEBUG (7): Security problem: newsletter/subscribe has not been whitelisted.
2018-04-17T21:24:05+00:00 DEBUG (7): Security problem: tag/popular has not been whitelisted.
2018-04-17T21:24:07+00:00 DEBUG (7): Security problem: tag/popular has not been whitelisted.
2018-04-17T21:24:29+00:00 ERR (3): Strict Notice: Declaration of Ves_ProductList_Block_Widget_New::_construct() should be compatible with Ves_ProductList_Block_Gridwidget::_construct($attributes = Array)  in /shared/httpd/proyecto-plantilla-1/magento/app/code/community/Ves/ProductList/Block/Widget/New.php on line 36
2018-04-17T21:24:29+00:00 DEBUG (7): Security problem: newsletter/subscribe has not been whitelisted.
2018-04-17T21:24:31+00:00 DEBUG (7): Security problem: tag/popular has not been whitelisted.
2018-04-17T21:24:32+00:00 DEBUG (7): Security problem: tag/popular has not been whitelisted.
